{"/home/leonardo/Documents/GitHub/drivent1-ref-initial/src/app.ts": {"path":"/home/leonardo/Documents/GitHub/drivent1-ref-initial/src/app.ts","statementMap":{"0":{"start":{"line":1,"column":0},"end":{"line":1,"column":26}},"1":{"start":{"line":2,"column":0},"end":{"line":2,"column":30}},"2":{"start":{"line":3,"column":0},"end":{"line":3,"column":43}},"3":{"start":{"line":4,"column":0},"end":{"line":4,"column":24}},"4":{"start":{"line":6,"column":0},"end":{"line":6,"column":60}},"5":{"start":{"line":8,"column":0},"end":{"line":8,"column":10}},"6":{"start":{"line":10,"column":0},"end":{"line":10,"column":56}},"7":{"start":{"line":11,"column":0},"end":{"line":11,"column":null}},"8":{"start":{"line":22,"column":12},"end":{"line":22,"column":21}},"9":{"start":{"line":23,"column":0},"end":{"line":35,"column":32}},"10":{"start":{"line":26,"column":33},"end":{"line":26,"column":48}},"11":{"start":{"line":38,"column":2},"end":{"line":38,"column":14}},"12":{"start":{"line":39,"column":2},"end":{"line":39,"column":30}},"13":{"start":{"line":37,"column":0},"end":{"line":37,"column":16}},"14":{"start":{"line":43,"column":2},"end":{"line":43,"column":23}},"15":{"start":{"line":42,"column":0},"end":{"line":42,"column":7}},"16":{"start":{"line":46,"column":0},"end":{"line":46,"column":19}}},"fnMap":{"0":{"name":"(anonymous_1)","decl":{"start":{"line":26,"column":18},"end":{"line":26,"column":19}},"loc":{"start":{"line":26,"column":33},"end":{"line":26,"column":48}}},"1":{"name":"init","decl":{"start":{"line":37,"column":16},"end":{"line":37,"column":20}},"loc":{"start":{"line":37,"column":20},"end":{"line":40,"column":1}}},"2":{"name":"close","decl":{"start":{"line":42,"column":22},"end":{"line":42,"column":27}},"loc":{"start":{"line":42,"column":27},"end":{"line":44,"column":1}}}},"branchMap":{},"s":{"0":11,"1":11,"2":11,"3":11,"4":11,"5":11,"6":11,"7":11,"8":11,"9":11,"10":1,"11":11,"12":11,"13":11,"14":0,"15":11,"16":11},"f":{"0":1,"1":11,"2":0},"b":{}}
,"/home/leonardo/Documents/GitHub/drivent1-ref-initial/src/server.ts": {"path":"/home/leonardo/Documents/GitHub/drivent1-ref-initial/src/server.ts","statementMap":{"0":{"start":{"line":1,"column":0},"end":{"line":1,"column":34}},"1":{"start":{"line":3,"column":13},"end":{"line":3,"column":38}},"2":{"start":{"line":5,"column":0},"end":{"line":10,"column":3}},"3":{"start":{"line":6,"column":2},"end":{"line":9,"column":5}},"4":{"start":{"line":8,"column":4},"end":{"line":8,"column":56}}},"fnMap":{"0":{"name":"(anonymous_6)","decl":{"start":{"line":5,"column":12},"end":{"line":5,"column":15}},"loc":{"start":{"line":5,"column":17},"end":{"line":10,"column":1}}},"1":{"name":"(anonymous_7)","decl":{"start":{"line":6,"column":19},"end":{"line":6,"column":22}},"loc":{"start":{"line":6,"column":24},"end":{"line":9,"column":3}}}},"branchMap":{"0":{"loc":{"start":{"line":3,"column":13},"end":{"line":3,"column":38}},"type":"binary-expr","locations":[{"start":{"line":3,"column":13},"end":{"line":3,"column":30}},{"start":{"line":3,"column":34},"end":{"line":3,"column":38}}]}},"s":{"0":0,"1":0,"2":0,"3":0,"4":0},"f":{"0":0,"1":0},"b":{"0":[0,0]}}
,"/home/leonardo/Documents/GitHub/drivent1-ref-initial/src/config/database.ts": {"path":"/home/leonardo/Documents/GitHub/drivent1-ref-initial/src/config/database.ts","statementMap":{"0":{"start":{"line":1,"column":0},"end":{"line":1,"column":46}},"1":{"start":{"line":5,"column":2},"end":{"line":5,"column":30}},"2":{"start":{"line":4,"column":0},"end":{"line":4,"column":16}},"3":{"start":{"line":9,"column":2},"end":{"line":9,"column":30}},"4":{"start":{"line":8,"column":0},"end":{"line":8,"column":7}}},"fnMap":{"0":{"name":"connectDb","decl":{"start":{"line":4,"column":16},"end":{"line":4,"column":25}},"loc":{"start":{"line":4,"column":25},"end":{"line":6,"column":1}}},"1":{"name":"disconnectDB","decl":{"start":{"line":8,"column":22},"end":{"line":8,"column":34}},"loc":{"start":{"line":8,"column":34},"end":{"line":10,"column":1}}}},"branchMap":{},"s":{"0":14,"1":11,"2":14,"3":0,"4":14},"f":{"0":11,"1":0},"b":{}}
,"/home/leonardo/Documents/GitHub/drivent1-ref-initial/src/config/envs.ts": {"path":"/home/leonardo/Documents/GitHub/drivent1-ref-initial/src/config/envs.ts","statementMap":{"0":{"start":{"line":1,"column":0},"end":{"line":1,"column":28}},"1":{"start":{"line":2,"column":0},"end":{"line":2,"column":41}},"2":{"start":{"line":6,"column":4},"end":{"line":10,"column":14}},"3":{"start":{"line":12,"column":22},"end":{"line":12,"column":45}},"4":{"start":{"line":13,"column":2},"end":{"line":13,"column":35}},"5":{"start":{"line":4,"column":0},"end":{"line":4,"column":16}}},"fnMap":{"0":{"name":"loadEnv","decl":{"start":{"line":4,"column":16},"end":{"line":4,"column":23}},"loc":{"start":{"line":4,"column":23},"end":{"line":14,"column":1}}}},"branchMap":{"0":{"loc":{"start":{"line":6,"column":4},"end":{"line":10,"column":14}},"type":"cond-expr","locations":[{"start":{"line":7,"column":8},"end":{"line":7,"column":19}},{"start":{"line":8,"column":8},"end":{"line":10,"column":14}}]},"1":{"loc":{"start":{"line":8,"column":8},"end":{"line":10,"column":14}},"type":"cond-expr","locations":[{"start":{"line":9,"column":8},"end":{"line":9,"column":26}},{"start":{"line":10,"column":8},"end":{"line":10,"column":14}}]}},"s":{"0":14,"1":14,"2":25,"3":25,"4":25,"5":14},"f":{"0":25},"b":{"0":[25,0],"1":[0,0]}}
,"/home/leonardo/Documents/GitHub/drivent1-ref-initial/src/config/index.ts": {"path":"/home/leonardo/Documents/GitHub/drivent1-ref-initial/src/config/index.ts","statementMap":{"0":{"start":{"line":1,"column":0},"end":{"line":1,"column":23}},"1":{"start":{"line":2,"column":0},"end":{"line":2,"column":27}}},"fnMap":{},"branchMap":{},"s":{"0":14,"1":14},"f":{},"b":{}}
,"/home/leonardo/Documents/GitHub/drivent1-ref-initial/src/controllers/authentication-controller.ts": {"path":"/home/leonardo/Documents/GitHub/drivent1-ref-initial/src/controllers/authentication-controller.ts","statementMap":{"0":{"start":{"line":2,"column":0},"end":{"line":2,"column":37}},"1":{"start":{"line":3,"column":0},"end":{"line":3,"column":88}},"2":{"start":{"line":6,"column":30},"end":{"line":6,"column":54}},"3":{"start":{"line":8,"column":2},"end":{"line":14,"column":null}},"4":{"start":{"line":9,"column":19},"end":{"line":9,"column":74}},"5":{"start":{"line":11,"column":4},"end":{"line":11,"column":50}},"6":{"start":{"line":13,"column":4},"end":{"line":13,"column":56}},"7":{"start":{"line":5,"column":0},"end":{"line":5,"column":7}}},"fnMap":{"0":{"name":"singInPost","decl":{"start":{"line":5,"column":22},"end":{"line":5,"column":32}},"loc":{"start":{"line":5,"column":60},"end":{"line":15,"column":1}}}},"branchMap":{},"s":{"0":11,"1":11,"2":5,"3":5,"4":5,"5":3,"6":2,"7":11},"f":{"0":5},"b":{}}
,"/home/leonardo/Documents/GitHub/drivent1-ref-initial/src/controllers/booking-controller.ts": {"path":"/home/leonardo/Documents/GitHub/drivent1-ref-initial/src/controllers/booking-controller.ts","statementMap":{"0":{"start":{"line":2,"column":0},"end":{"line":2,"column":37}},"1":{"start":{"line":4,"column":0},"end":{"line":4,"column":57}},"2":{"start":{"line":7,"column":2},"end":{"line":13,"column":null}},"3":{"start":{"line":8,"column":20},"end":{"line":8,"column":58}},"4":{"start":{"line":10,"column":4},"end":{"line":10,"column":51}},"5":{"start":{"line":12,"column":4},"end":{"line":12,"column":80}},"6":{"start":{"line":12,"column":36},"end":{"line":12,"column":80}},"7":{"start":{"line":6,"column":0},"end":{"line":6,"column":7}},"8":{"start":{"line":17,"column":21},"end":{"line":17,"column":29}},"9":{"start":{"line":18,"column":21},"end":{"line":18,"column":24}},"10":{"start":{"line":20,"column":2},"end":{"line":27,"column":null}},"11":{"start":{"line":21,"column":20},"end":{"line":21,"column":72}},"12":{"start":{"line":23,"column":4},"end":{"line":23,"column":51}},"13":{"start":{"line":25,"column":4},"end":{"line":25,"column":80}},"14":{"start":{"line":25,"column":36},"end":{"line":25,"column":80}},"15":{"start":{"line":26,"column":4},"end":{"line":26,"column":79}},"16":{"start":{"line":26,"column":35},"end":{"line":26,"column":79}},"17":{"start":{"line":16,"column":0},"end":{"line":16,"column":7}},"18":{"start":{"line":31,"column":2},"end":{"line":42,"column":null}},"19":{"start":{"line":32,"column":26},"end":{"line":32,"column":36}},"20":{"start":{"line":33,"column":23},"end":{"line":33,"column":31}},"21":{"start":{"line":34,"column":23},"end":{"line":34,"column":26}},"22":{"start":{"line":36,"column":20},"end":{"line":36,"column":107}},"23":{"start":{"line":38,"column":4},"end":{"line":38,"column":51}},"24":{"start":{"line":40,"column":4},"end":{"line":40,"column":80}},"25":{"start":{"line":40,"column":36},"end":{"line":40,"column":80}},"26":{"start":{"line":41,"column":4},"end":{"line":41,"column":98}},"27":{"start":{"line":41,"column":35},"end":{"line":41,"column":98}},"28":{"start":{"line":30,"column":0},"end":{"line":30,"column":7}}},"fnMap":{"0":{"name":"getInfoBooking","decl":{"start":{"line":6,"column":22},"end":{"line":6,"column":36}},"loc":{"start":{"line":6,"column":77},"end":{"line":14,"column":1}}},"1":{"name":"postBooking","decl":{"start":{"line":16,"column":22},"end":{"line":16,"column":33}},"loc":{"start":{"line":16,"column":74},"end":{"line":28,"column":1}}},"2":{"name":"putBookingById","decl":{"start":{"line":30,"column":22},"end":{"line":30,"column":36}},"loc":{"start":{"line":30,"column":77},"end":{"line":43,"column":1}}}},"branchMap":{"0":{"loc":{"start":{"line":12,"column":4},"end":{"line":12,"column":80}},"type":"if","locations":[{"start":{"line":12,"column":4},"end":{"line":12,"column":80}}]},"1":{"loc":{"start":{"line":25,"column":4},"end":{"line":25,"column":80}},"type":"if","locations":[{"start":{"line":25,"column":4},"end":{"line":25,"column":80}}]},"2":{"loc":{"start":{"line":26,"column":4},"end":{"line":26,"column":79}},"type":"if","locations":[{"start":{"line":26,"column":4},"end":{"line":26,"column":79}}]},"3":{"loc":{"start":{"line":40,"column":4},"end":{"line":40,"column":80}},"type":"if","locations":[{"start":{"line":40,"column":4},"end":{"line":40,"column":80}}]},"4":{"loc":{"start":{"line":41,"column":4},"end":{"line":41,"column":98}},"type":"if","locations":[{"start":{"line":41,"column":4},"end":{"line":41,"column":98}}]}},"s":{"0":11,"1":11,"2":2,"3":2,"4":1,"5":1,"6":1,"7":11,"8":6,"9":6,"10":6,"11":6,"12":1,"13":5,"14":1,"15":4,"16":4,"17":11,"18":4,"19":4,"20":4,"21":4,"22":4,"23":1,"24":3,"25":1,"26":2,"27":2,"28":11},"f":{"0":2,"1":6,"2":4},"b":{"0":[1],"1":[1],"2":[4],"3":[1],"4":[2]}}
,"/home/leonardo/Documents/GitHub/drivent1-ref-initial/src/controllers/enrollments-controller.ts": {"path":"/home/leonardo/Documents/GitHub/drivent1-ref-initial/src/controllers/enrollments-controller.ts","statementMap":{"0":{"start":{"line":2,"column":0},"end":{"line":2,"column":37}},"1":{"start":{"line":4,"column":0},"end":{"line":4,"column":64}},"2":{"start":{"line":7,"column":21},"end":{"line":7,"column":24}},"3":{"start":{"line":9,"column":2},"end":{"line":15,"column":null}},"4":{"start":{"line":10,"column":34},"end":{"line":10,"column":92}},"5":{"start":{"line":12,"column":4},"end":{"line":12,"column":65}},"6":{"start":{"line":14,"column":4},"end":{"line":14,"column":49}},"7":{"start":{"line":6,"column":0},"end":{"line":6,"column":7}},"8":{"start":{"line":19,"column":2},"end":{"line":28,"column":null}},"9":{"start":{"line":20,"column":4},"end":{"line":23,"column":7}},"10":{"start":{"line":25,"column":4},"end":{"line":25,"column":41}},"11":{"start":{"line":27,"column":4},"end":{"line":27,"column":50}},"12":{"start":{"line":18,"column":0},"end":{"line":18,"column":7}},"13":{"start":{"line":32,"column":18},"end":{"line":32,"column":53}},"14":{"start":{"line":34,"column":2},"end":{"line":41,"column":null}},"15":{"start":{"line":35,"column":20},"end":{"line":35,"column":67}},"16":{"start":{"line":36,"column":4},"end":{"line":36,"column":44}},"17":{"start":{"line":38,"column":4},"end":{"line":40,"column":null}},"18":{"start":{"line":39,"column":6},"end":{"line":39,"column":45}},"19":{"start":{"line":31,"column":0},"end":{"line":31,"column":7}}},"fnMap":{"0":{"name":"getEnrollmentByUser","decl":{"start":{"line":6,"column":22},"end":{"line":6,"column":41}},"loc":{"start":{"line":6,"column":82},"end":{"line":16,"column":1}}},"1":{"name":"postCreateOrUpdateEnrollment","decl":{"start":{"line":18,"column":22},"end":{"line":18,"column":50}},"loc":{"start":{"line":18,"column":91},"end":{"line":29,"column":1}}},"2":{"name":"getAddressFromCEP","decl":{"start":{"line":31,"column":22},"end":{"line":31,"column":39}},"loc":{"start":{"line":31,"column":80},"end":{"line":42,"column":1}}}},"branchMap":{"0":{"loc":{"start":{"line":38,"column":4},"end":{"line":40,"column":null}},"type":"if","locations":[{"start":{"line":38,"column":4},"end":{"line":40,"column":null}}]}},"s":{"0":11,"1":11,"2":2,"3":2,"4":2,"5":1,"6":1,"7":11,"8":2,"9":2,"10":2,"11":0,"12":11,"13":2,"14":2,"15":2,"16":1,"17":1,"18":1,"19":11},"f":{"0":2,"1":2,"2":2},"b":{"0":[1]}}
,"/home/leonardo/Documents/GitHub/drivent1-ref-initial/src/controllers/events-controller.ts": {"path":"/home/leonardo/Documents/GitHub/drivent1-ref-initial/src/controllers/events-controller.ts","statementMap":{"0":{"start":{"line":2,"column":0},"end":{"line":2,"column":37}},"1":{"start":{"line":3,"column":0},"end":{"line":3,"column":54}},"2":{"start":{"line":6,"column":2},"end":{"line":11,"column":null}},"3":{"start":{"line":7,"column":18},"end":{"line":7,"column":53}},"4":{"start":{"line":8,"column":4},"end":{"line":8,"column":49}},"5":{"start":{"line":10,"column":4},"end":{"line":10,"column":53}},"6":{"start":{"line":5,"column":0},"end":{"line":5,"column":7}}},"fnMap":{"0":{"name":"getDefaultEvent","decl":{"start":{"line":5,"column":22},"end":{"line":5,"column":37}},"loc":{"start":{"line":5,"column":66},"end":{"line":12,"column":1}}}},"branchMap":{},"s":{"0":11,"1":11,"2":2,"3":2,"4":1,"5":1,"6":11},"f":{"0":2},"b":{}}
,"/home/leonardo/Documents/GitHub/drivent1-ref-initial/src/controllers/hotels-controller.ts": {"path":"/home/leonardo/Documents/GitHub/drivent1-ref-initial/src/controllers/hotels-controller.ts","statementMap":{"0":{"start":{"line":2,"column":0},"end":{"line":2,"column":37}},"1":{"start":{"line":4,"column":0},"end":{"line":4,"column":54}},"2":{"start":{"line":7,"column":2},"end":{"line":19,"column":null}},"3":{"start":{"line":8,"column":23},"end":{"line":8,"column":26}},"4":{"start":{"line":10,"column":18},"end":{"line":10,"column":70}},"5":{"start":{"line":12,"column":4},"end":{"line":12,"column":49}},"6":{"start":{"line":14,"column":4},"end":{"line":14,"column":77}},"7":{"start":{"line":14,"column":32},"end":{"line":14,"column":77}},"8":{"start":{"line":15,"column":4},"end":{"line":15,"column":97}},"9":{"start":{"line":15,"column":39},"end":{"line":15,"column":97}},"10":{"start":{"line":16,"column":4},"end":{"line":16,"column":80}},"11":{"start":{"line":16,"column":36},"end":{"line":16,"column":80}},"12":{"start":{"line":17,"column":4},"end":{"line":17,"column":87}},"13":{"start":{"line":17,"column":40},"end":{"line":17,"column":87}},"14":{"start":{"line":18,"column":4},"end":{"line":18,"column":105}},"15":{"start":{"line":18,"column":35},"end":{"line":18,"column":105}},"16":{"start":{"line":6,"column":0},"end":{"line":6,"column":7}},"17":{"start":{"line":23,"column":2},"end":{"line":36,"column":null}},"18":{"start":{"line":24,"column":24},"end":{"line":24,"column":34}},"19":{"start":{"line":25,"column":23},"end":{"line":25,"column":26}},"20":{"start":{"line":27,"column":18},"end":{"line":27,"column":87}},"21":{"start":{"line":29,"column":4},"end":{"line":29,"column":49}},"22":{"start":{"line":31,"column":4},"end":{"line":31,"column":77}},"23":{"start":{"line":31,"column":32},"end":{"line":31,"column":77}},"24":{"start":{"line":32,"column":4},"end":{"line":32,"column":97}},"25":{"start":{"line":32,"column":39},"end":{"line":32,"column":97}},"26":{"start":{"line":33,"column":4},"end":{"line":33,"column":80}},"27":{"start":{"line":33,"column":36},"end":{"line":33,"column":80}},"28":{"start":{"line":34,"column":4},"end":{"line":34,"column":87}},"29":{"start":{"line":34,"column":40},"end":{"line":34,"column":87}},"30":{"start":{"line":35,"column":4},"end":{"line":35,"column":105}},"31":{"start":{"line":35,"column":35},"end":{"line":35,"column":105}},"32":{"start":{"line":22,"column":0},"end":{"line":22,"column":7}}},"fnMap":{"0":{"name":"getInfoAllHotels","decl":{"start":{"line":6,"column":22},"end":{"line":6,"column":38}},"loc":{"start":{"line":6,"column":79},"end":{"line":20,"column":1}}},"1":{"name":"getInfoHotelById","decl":{"start":{"line":22,"column":22},"end":{"line":22,"column":38}},"loc":{"start":{"line":22,"column":79},"end":{"line":37,"column":1}}}},"branchMap":{"0":{"loc":{"start":{"line":14,"column":4},"end":{"line":14,"column":77}},"type":"if","locations":[{"start":{"line":14,"column":4},"end":{"line":14,"column":77}}]},"1":{"loc":{"start":{"line":15,"column":4},"end":{"line":15,"column":97}},"type":"if","locations":[{"start":{"line":15,"column":4},"end":{"line":15,"column":97}}]},"2":{"loc":{"start":{"line":16,"column":4},"end":{"line":16,"column":80}},"type":"if","locations":[{"start":{"line":16,"column":4},"end":{"line":16,"column":80}}]},"3":{"loc":{"start":{"line":17,"column":4},"end":{"line":17,"column":87}},"type":"if","locations":[{"start":{"line":17,"column":4},"end":{"line":17,"column":87}}]},"4":{"loc":{"start":{"line":18,"column":4},"end":{"line":18,"column":105}},"type":"if","locations":[{"start":{"line":18,"column":4},"end":{"line":18,"column":105}}]},"5":{"loc":{"start":{"line":31,"column":4},"end":{"line":31,"column":77}},"type":"if","locations":[{"start":{"line":31,"column":4},"end":{"line":31,"column":77}}]},"6":{"loc":{"start":{"line":32,"column":4},"end":{"line":32,"column":97}},"type":"if","locations":[{"start":{"line":32,"column":4},"end":{"line":32,"column":97}}]},"7":{"loc":{"start":{"line":33,"column":4},"end":{"line":33,"column":80}},"type":"if","locations":[{"start":{"line":33,"column":4},"end":{"line":33,"column":80}}]},"8":{"loc":{"start":{"line":34,"column":4},"end":{"line":34,"column":87}},"type":"if","locations":[{"start":{"line":34,"column":4},"end":{"line":34,"column":87}}]},"9":{"loc":{"start":{"line":35,"column":4},"end":{"line":35,"column":105}},"type":"if","locations":[{"start":{"line":35,"column":4},"end":{"line":35,"column":105}}]}},"s":{"0":11,"1":11,"2":7,"3":7,"4":7,"5":1,"6":6,"7":0,"8":6,"9":0,"10":6,"11":3,"12":3,"13":0,"14":3,"15":3,"16":11,"17":7,"18":7,"19":7,"20":7,"21":1,"22":6,"23":0,"24":6,"25":0,"26":6,"27":3,"28":3,"29":0,"30":3,"31":3,"32":11},"f":{"0":7,"1":7},"b":{"0":[0],"1":[0],"2":[3],"3":[0],"4":[3],"5":[0],"6":[0],"7":[3],"8":[0],"9":[3]}}
,"/home/leonardo/Documents/GitHub/drivent1-ref-initial/src/controllers/index.ts": {"path":"/home/leonardo/Documents/GitHub/drivent1-ref-initial/src/controllers/index.ts","statementMap":{"0":{"start":{"line":1,"column":0},"end":{"line":1,"column":35}},"1":{"start":{"line":2,"column":0},"end":{"line":2,"column":44}},"2":{"start":{"line":3,"column":0},"end":{"line":3,"column":36}},"3":{"start":{"line":4,"column":0},"end":{"line":4,"column":41}},"4":{"start":{"line":5,"column":0},"end":{"line":5,"column":38}},"5":{"start":{"line":6,"column":0},"end":{"line":6,"column":37}},"6":{"start":{"line":7,"column":0},"end":{"line":7,"column":36}},"7":{"start":{"line":8,"column":0},"end":{"line":8,"column":37}}},"fnMap":{},"branchMap":{},"s":{"0":11,"1":11,"2":11,"3":11,"4":11,"5":11,"6":11,"7":11},"f":{},"b":{}}
,"/home/leonardo/Documents/GitHub/drivent1-ref-initial/src/controllers/payments-controller.ts": {"path":"/home/leonardo/Documents/GitHub/drivent1-ref-initial/src/controllers/payments-controller.ts","statementMap":{"0":{"start":{"line":2,"column":0},"end":{"line":2,"column":37}},"1":{"start":{"line":4,"column":0},"end":{"line":4,"column":58}},"2":{"start":{"line":8,"column":2},"end":{"line":21,"column":null}},"3":{"start":{"line":9,"column":25},"end":{"line":9,"column":34}},"4":{"start":{"line":10,"column":23},"end":{"line":10,"column":26}},"5":{"start":{"line":12,"column":20},"end":{"line":12,"column":98}},"6":{"start":{"line":13,"column":4},"end":{"line":13,"column":64}},"7":{"start":{"line":13,"column":18},"end":{"line":13,"column":64}},"8":{"start":{"line":15,"column":4},"end":{"line":15,"column":51}},"9":{"start":{"line":17,"column":4},"end":{"line":17,"column":77}},"10":{"start":{"line":17,"column":32},"end":{"line":17,"column":77}},"11":{"start":{"line":18,"column":4},"end":{"line":18,"column":97}},"12":{"start":{"line":18,"column":39},"end":{"line":18,"column":97}},"13":{"start":{"line":19,"column":4},"end":{"line":19,"column":80}},"14":{"start":{"line":19,"column":36},"end":{"line":19,"column":80}},"15":{"start":{"line":20,"column":4},"end":{"line":20,"column":87}},"16":{"start":{"line":20,"column":40},"end":{"line":20,"column":87}},"17":{"start":{"line":7,"column":0},"end":{"line":7,"column":7}},"18":{"start":{"line":25,"column":2},"end":{"line":36,"column":null}},"19":{"start":{"line":26,"column":25},"end":{"line":26,"column":48}},"20":{"start":{"line":27,"column":23},"end":{"line":27,"column":26}},"21":{"start":{"line":29,"column":20},"end":{"line":29,"column":93}},"22":{"start":{"line":30,"column":4},"end":{"line":30,"column":51}},"23":{"start":{"line":32,"column":4},"end":{"line":32,"column":80}},"24":{"start":{"line":32,"column":36},"end":{"line":32,"column":80}},"25":{"start":{"line":33,"column":4},"end":{"line":33,"column":87}},"26":{"start":{"line":33,"column":40},"end":{"line":33,"column":87}},"27":{"start":{"line":34,"column":4},"end":{"line":34,"column":79}},"28":{"start":{"line":34,"column":35},"end":{"line":34,"column":79}},"29":{"start":{"line":35,"column":4},"end":{"line":35,"column":97}},"30":{"start":{"line":35,"column":39},"end":{"line":35,"column":97}},"31":{"start":{"line":24,"column":0},"end":{"line":24,"column":7}}},"fnMap":{"0":{"name":"getPaymentsByTicketId","decl":{"start":{"line":7,"column":22},"end":{"line":7,"column":43}},"loc":{"start":{"line":7,"column":84},"end":{"line":22,"column":1}}},"1":{"name":"postPaymentsFromTicket","decl":{"start":{"line":24,"column":22},"end":{"line":24,"column":44}},"loc":{"start":{"line":24,"column":85},"end":{"line":37,"column":1}}}},"branchMap":{"0":{"loc":{"start":{"line":13,"column":4},"end":{"line":13,"column":64}},"type":"if","locations":[{"start":{"line":13,"column":4},"end":{"line":13,"column":64}}]},"1":{"loc":{"start":{"line":17,"column":4},"end":{"line":17,"column":77}},"type":"if","locations":[{"start":{"line":17,"column":4},"end":{"line":17,"column":77}}]},"2":{"loc":{"start":{"line":18,"column":4},"end":{"line":18,"column":97}},"type":"if","locations":[{"start":{"line":18,"column":4},"end":{"line":18,"column":97}}]},"3":{"loc":{"start":{"line":19,"column":4},"end":{"line":19,"column":80}},"type":"if","locations":[{"start":{"line":19,"column":4},"end":{"line":19,"column":80}}]},"4":{"loc":{"start":{"line":20,"column":4},"end":{"line":20,"column":87}},"type":"if","locations":[{"start":{"line":20,"column":4},"end":{"line":20,"column":87}}]},"5":{"loc":{"start":{"line":32,"column":4},"end":{"line":32,"column":80}},"type":"if","locations":[{"start":{"line":32,"column":4},"end":{"line":32,"column":80}}]},"6":{"loc":{"start":{"line":33,"column":4},"end":{"line":33,"column":87}},"type":"if","locations":[{"start":{"line":33,"column":4},"end":{"line":33,"column":87}}]},"7":{"loc":{"start":{"line":34,"column":4},"end":{"line":34,"column":79}},"type":"if","locations":[{"start":{"line":34,"column":4},"end":{"line":34,"column":79}}]},"8":{"loc":{"start":{"line":35,"column":4},"end":{"line":35,"column":97}},"type":"if","locations":[{"start":{"line":35,"column":4},"end":{"line":35,"column":97}}]}},"s":{"0":11,"1":11,"2":4,"3":4,"4":4,"5":4,"6":1,"7":0,"8":1,"9":3,"10":0,"11":3,"12":1,"13":2,"14":1,"15":1,"16":1,"17":11,"18":5,"19":5,"20":5,"21":5,"22":3,"23":2,"24":1,"25":1,"26":1,"27":0,"28":0,"29":0,"30":0,"31":11},"f":{"0":4,"1":5},"b":{"0":[0],"1":[0],"2":[1],"3":[1],"4":[1],"5":[1],"6":[1],"7":[0],"8":[0]}}
,"/home/leonardo/Documents/GitHub/drivent1-ref-initial/src/controllers/tickets-controller.ts": {"path":"/home/leonardo/Documents/GitHub/drivent1-ref-initial/src/controllers/tickets-controller.ts","statementMap":{"0":{"start":{"line":2,"column":0},"end":{"line":2,"column":37}},"1":{"start":{"line":4,"column":0},"end":{"line":4,"column":56}},"2":{"start":{"line":7,"column":18},"end":{"line":7,"column":60}},"3":{"start":{"line":8,"column":2},"end":{"line":8,"column":49}},"4":{"start":{"line":6,"column":0},"end":{"line":6,"column":7}},"5":{"start":{"line":12,"column":21},"end":{"line":12,"column":24}},"6":{"start":{"line":14,"column":2},"end":{"line":21,"column":null}},"7":{"start":{"line":15,"column":23},"end":{"line":15,"column":73}},"8":{"start":{"line":16,"column":4},"end":{"line":16,"column":65}},"9":{"start":{"line":16,"column":21},"end":{"line":16,"column":65}},"10":{"start":{"line":18,"column":4},"end":{"line":18,"column":54}},"11":{"start":{"line":20,"column":4},"end":{"line":20,"column":80}},"12":{"start":{"line":20,"column":36},"end":{"line":20,"column":80}},"13":{"start":{"line":11,"column":0},"end":{"line":11,"column":7}},"14":{"start":{"line":25,"column":27},"end":{"line":25,"column":35}},"15":{"start":{"line":26,"column":21},"end":{"line":26,"column":24}},"16":{"start":{"line":28,"column":2},"end":{"line":36,"column":null}},"17":{"start":{"line":29,"column":23},"end":{"line":29,"column":79}},"18":{"start":{"line":30,"column":4},"end":{"line":30,"column":67}},"19":{"start":{"line":30,"column":21},"end":{"line":30,"column":67}},"20":{"start":{"line":32,"column":4},"end":{"line":32,"column":59}},"21":{"start":{"line":34,"column":4},"end":{"line":34,"column":81}},"22":{"start":{"line":34,"column":35},"end":{"line":34,"column":81}},"23":{"start":{"line":35,"column":4},"end":{"line":35,"column":80}},"24":{"start":{"line":35,"column":36},"end":{"line":35,"column":80}},"25":{"start":{"line":24,"column":0},"end":{"line":24,"column":7}}},"fnMap":{"0":{"name":"getTicketsByType","decl":{"start":{"line":6,"column":22},"end":{"line":6,"column":38}},"loc":{"start":{"line":6,"column":79},"end":{"line":9,"column":1}}},"1":{"name":"getTicketsByUser","decl":{"start":{"line":11,"column":22},"end":{"line":11,"column":38}},"loc":{"start":{"line":11,"column":79},"end":{"line":22,"column":1}}},"2":{"name":"postCreateTicket","decl":{"start":{"line":24,"column":22},"end":{"line":24,"column":38}},"loc":{"start":{"line":24,"column":79},"end":{"line":37,"column":1}}}},"branchMap":{"0":{"loc":{"start":{"line":16,"column":4},"end":{"line":16,"column":65}},"type":"if","locations":[{"start":{"line":16,"column":4},"end":{"line":16,"column":65}}]},"1":{"loc":{"start":{"line":20,"column":4},"end":{"line":20,"column":80}},"type":"if","locations":[{"start":{"line":20,"column":4},"end":{"line":20,"column":80}}]},"2":{"loc":{"start":{"line":30,"column":4},"end":{"line":30,"column":67}},"type":"if","locations":[{"start":{"line":30,"column":4},"end":{"line":30,"column":67}}]},"3":{"loc":{"start":{"line":34,"column":4},"end":{"line":34,"column":81}},"type":"if","locations":[{"start":{"line":34,"column":4},"end":{"line":34,"column":81}}]},"4":{"loc":{"start":{"line":35,"column":4},"end":{"line":35,"column":80}},"type":"if","locations":[{"start":{"line":35,"column":4},"end":{"line":35,"column":80}}]}},"s":{"0":11,"1":11,"2":2,"3":2,"4":11,"5":3,"6":3,"7":3,"8":1,"9":0,"10":1,"11":2,"12":2,"13":11,"14":3,"15":3,"16":3,"17":3,"18":2,"19":0,"20":2,"21":1,"22":0,"23":1,"24":1,"25":11},"f":{"0":2,"1":3,"2":3},"b":{"0":[0],"1":[2],"2":[0],"3":[0],"4":[1]}}
,"/home/leonardo/Documents/GitHub/drivent1-ref-initial/src/controllers/users-controller.ts": {"path":"/home/leonardo/Documents/GitHub/drivent1-ref-initial/src/controllers/users-controller.ts","statementMap":{"0":{"start":{"line":2,"column":0},"end":{"line":2,"column":37}},"1":{"start":{"line":3,"column":0},"end":{"line":3,"column":51}},"2":{"start":{"line":6,"column":30},"end":{"line":6,"column":38}},"3":{"start":{"line":8,"column":2},"end":{"line":19,"column":null}},"4":{"start":{"line":9,"column":17},"end":{"line":9,"column":66}},"5":{"start":{"line":10,"column":4},"end":{"line":13,"column":7}},"6":{"start":{"line":15,"column":4},"end":{"line":17,"column":null}},"7":{"start":{"line":16,"column":6},"end":{"line":16,"column":57}},"8":{"start":{"line":18,"column":4},"end":{"line":18,"column":58}},"9":{"start":{"line":5,"column":0},"end":{"line":5,"column":7}}},"fnMap":{"0":{"name":"usersPost","decl":{"start":{"line":5,"column":22},"end":{"line":5,"column":31}},"loc":{"start":{"line":5,"column":59},"end":{"line":20,"column":1}}}},"branchMap":{"0":{"loc":{"start":{"line":15,"column":4},"end":{"line":17,"column":null}},"type":"if","locations":[{"start":{"line":15,"column":4},"end":{"line":17,"column":null}}]}},"s":{"0":11,"1":11,"2":6,"3":6,"4":6,"5":3,"6":3,"7":1,"8":2,"9":11},"f":{"0":6},"b":{"0":[1]}}
,"/home/leonardo/Documents/GitHub/drivent1-ref-initial/src/errors/cannot-enroll-before-start-date-error.ts": {"path":"/home/leonardo/Documents/GitHub/drivent1-ref-initial/src/errors/cannot-enroll-before-start-date-error.ts","statementMap":{"0":{"start":{"line":4,"column":2},"end":{"line":7,"column":4}},"1":{"start":{"line":3,"column":0},"end":{"line":3,"column":16}}},"fnMap":{"0":{"name":"cannotEnrollBeforeStartDateError","decl":{"start":{"line":3,"column":16},"end":{"line":3,"column":48}},"loc":{"start":{"line":3,"column":48},"end":{"line":8,"column":1}}}},"branchMap":{},"s":{"0":2,"1":11},"f":{"0":2},"b":{}}
,"/home/leonardo/Documents/GitHub/drivent1-ref-initial/src/errors/conflict-error.ts": {"path":"/home/leonardo/Documents/GitHub/drivent1-ref-initial/src/errors/conflict-error.ts","statementMap":{"0":{"start":{"line":4,"column":2},"end":{"line":7,"column":4}},"1":{"start":{"line":3,"column":0},"end":{"line":3,"column":16}}},"fnMap":{"0":{"name":"conflictError","decl":{"start":{"line":3,"column":16},"end":{"line":3,"column":29}},"loc":{"start":{"line":3,"column":45},"end":{"line":8,"column":1}}}},"branchMap":{},"s":{"0":0,"1":11},"f":{"0":0},"b":{}}
,"/home/leonardo/Documents/GitHub/drivent1-ref-initial/src/errors/index.ts": {"path":"/home/leonardo/Documents/GitHub/drivent1-ref-initial/src/errors/index.ts","statementMap":{"0":{"start":{"line":1,"column":0},"end":{"line":1,"column":56}},"1":{"start":{"line":2,"column":0},"end":{"line":2,"column":33}},"2":{"start":{"line":3,"column":0},"end":{"line":3,"column":37}},"3":{"start":{"line":4,"column":0},"end":{"line":4,"column":38}},"4":{"start":{"line":5,"column":0},"end":{"line":5,"column":34}},"5":{"start":{"line":6,"column":0},"end":{"line":6,"column":37}},"6":{"start":{"line":7,"column":0},"end":{"line":7,"column":32}}},"fnMap":{},"branchMap":{},"s":{"0":11,"1":11,"2":11,"3":11,"4":11,"5":11,"6":11},"f":{},"b":{}}
,"/home/leonardo/Documents/GitHub/drivent1-ref-initial/src/errors/invalid-data-error.ts": {"path":"/home/leonardo/Documents/GitHub/drivent1-ref-initial/src/errors/invalid-data-error.ts","statementMap":{"0":{"start":{"line":4,"column":2},"end":{"line":8,"column":4}},"1":{"start":{"line":3,"column":0},"end":{"line":3,"column":16}}},"fnMap":{"0":{"name":"invalidDataError","decl":{"start":{"line":3,"column":16},"end":{"line":3,"column":32}},"loc":{"start":{"line":3,"column":50},"end":{"line":9,"column":1}}}},"branchMap":{},"s":{"0":11,"1":11},"f":{"0":11},"b":{}}
,"/home/leonardo/Documents/GitHub/drivent1-ref-initial/src/errors/invalid-email-error.ts": {"path":"/home/leonardo/Documents/GitHub/drivent1-ref-initial/src/errors/invalid-email-error.ts","statementMap":{"0":{"start":{"line":4,"column":2},"end":{"line":8,"column":4}},"1":{"start":{"line":3,"column":0},"end":{"line":3,"column":16}}},"fnMap":{"0":{"name":"invalidEmailError","decl":{"start":{"line":3,"column":16},"end":{"line":3,"column":33}},"loc":{"start":{"line":3,"column":47},"end":{"line":9,"column":1}}}},"branchMap":{},"s":{"0":0,"1":11},"f":{"0":0},"b":{}}
,"/home/leonardo/Documents/GitHub/drivent1-ref-initial/src/errors/not-found-error.ts": {"path":"/home/leonardo/Documents/GitHub/drivent1-ref-initial/src/errors/not-found-error.ts","statementMap":{"0":{"start":{"line":4,"column":2},"end":{"line":7,"column":4}},"1":{"start":{"line":3,"column":0},"end":{"line":3,"column":16}}},"fnMap":{"0":{"name":"notFoundError","decl":{"start":{"line":3,"column":16},"end":{"line":3,"column":29}},"loc":{"start":{"line":3,"column":29},"end":{"line":8,"column":1}}}},"branchMap":{},"s":{"0":17,"1":11},"f":{"0":17},"b":{}}
,"/home/leonardo/Documents/GitHub/drivent1-ref-initial/src/errors/request-error.ts": {"path":"/home/leonardo/Documents/GitHub/drivent1-ref-initial/src/errors/request-error.ts","statementMap":{"0":{"start":{"line":4,"column":2},"end":{"line":10,"column":4}},"1":{"start":{"line":3,"column":0},"end":{"line":3,"column":16}}},"fnMap":{"0":{"name":"requestError","decl":{"start":{"line":3,"column":16},"end":{"line":3,"column":28}},"loc":{"start":{"line":3,"column":63},"end":{"line":11,"column":1}}}},"branchMap":{},"s":{"0":13,"1":11},"f":{"0":13},"b":{}}
,"/home/leonardo/Documents/GitHub/drivent1-ref-initial/src/errors/unauthorized-error.ts": {"path":"/home/leonardo/Documents/GitHub/drivent1-ref-initial/src/errors/unauthorized-error.ts","statementMap":{"0":{"start":{"line":4,"column":2},"end":{"line":7,"column":4}},"1":{"start":{"line":3,"column":0},"end":{"line":3,"column":16}}},"fnMap":{"0":{"name":"unauthorizedError","decl":{"start":{"line":3,"column":16},"end":{"line":3,"column":33}},"loc":{"start":{"line":3,"column":33},"end":{"line":8,"column":1}}}},"branchMap":{},"s":{"0":33,"1":11},"f":{"0":33},"b":{}}
,"/home/leonardo/Documents/GitHub/drivent1-ref-initial/src/middlewares/authentication-middleware.ts": {"path":"/home/leonardo/Documents/GitHub/drivent1-ref-initial/src/middlewares/authentication-middleware.ts","statementMap":{"0":{"start":{"line":2,"column":0},"end":{"line":2,"column":37}},"1":{"start":{"line":3,"column":0},"end":{"line":3,"column":36}},"2":{"start":{"line":5,"column":0},"end":{"line":5,"column":45}},"3":{"start":{"line":6,"column":0},"end":{"line":6,"column":34}},"4":{"start":{"line":9,"column":21},"end":{"line":9,"column":48}},"5":{"start":{"line":10,"column":2},"end":{"line":10,"column":60}},"6":{"start":{"line":10,"column":19},"end":{"line":10,"column":60}},"7":{"start":{"line":12,"column":16},"end":{"line":12,"column":40}},"8":{"start":{"line":13,"column":2},"end":{"line":13,"column":55}},"9":{"start":{"line":13,"column":14},"end":{"line":13,"column":55}},"10":{"start":{"line":15,"column":2},"end":{"line":30,"column":null}},"11":{"start":{"line":16,"column":23},"end":{"line":16,"column":78}},"12":{"start":{"line":18,"column":20},"end":{"line":22,"column":6}},"13":{"start":{"line":23,"column":4},"end":{"line":23,"column":59}},"14":{"start":{"line":23,"column":18},"end":{"line":23,"column":59}},"15":{"start":{"line":25,"column":4},"end":{"line":25,"column":24}},"16":{"start":{"line":27,"column":4},"end":{"line":27,"column":18}},"17":{"start":{"line":29,"column":4},"end":{"line":29,"column":45}},"18":{"start":{"line":8,"column":0},"end":{"line":8,"column":7}},"19":{"start":{"line":34,"column":2},"end":{"line":34,"column":64}}},"fnMap":{"0":{"name":"authenticateToken","decl":{"start":{"line":8,"column":22},"end":{"line":8,"column":39}},"loc":{"start":{"line":8,"column":100},"end":{"line":31,"column":1}}},"1":{"name":"generateUnauthorizedResponse","decl":{"start":{"line":33,"column":9},"end":{"line":33,"column":37}},"loc":{"start":{"line":33,"column":51},"end":{"line":35,"column":1}}}},"branchMap":{"0":{"loc":{"start":{"line":10,"column":2},"end":{"line":10,"column":60}},"type":"if","locations":[{"start":{"line":10,"column":2},"end":{"line":10,"column":60}}]},"1":{"loc":{"start":{"line":13,"column":2},"end":{"line":13,"column":55}},"type":"if","locations":[{"start":{"line":13,"column":2},"end":{"line":13,"column":55}}]},"2":{"loc":{"start":{"line":23,"column":4},"end":{"line":23,"column":59}},"type":"if","locations":[{"start":{"line":23,"column":4},"end":{"line":23,"column":59}}]}},"s":{"0":11,"1":11,"2":11,"3":11,"4":84,"5":84,"6":12,"7":72,"8":72,"9":0,"10":72,"11":72,"12":60,"13":60,"14":7,"15":53,"16":53,"17":12,"18":11,"19":31},"f":{"0":84,"1":31},"b":{"0":[12],"1":[0],"2":[7]}}
,"/home/leonardo/Documents/GitHub/drivent1-ref-initial/src/middlewares/error-handling-middleware.ts": {"path":"/home/leonardo/Documents/GitHub/drivent1-ref-initial/src/middlewares/error-handling-middleware.ts","statementMap":{"0":{"start":{"line":2,"column":0},"end":{"line":2,"column":37}},"1":{"start":{"line":11,"column":2},"end":{"line":15,"column":null}},"2":{"start":{"line":12,"column":4},"end":{"line":14,"column":7}},"3":{"start":{"line":17,"column":2},"end":{"line":21,"column":null}},"4":{"start":{"line":18,"column":4},"end":{"line":20,"column":7}},"5":{"start":{"line":23,"column":2},"end":{"line":27,"column":null}},"6":{"start":{"line":24,"column":4},"end":{"line":26,"column":7}},"7":{"start":{"line":29,"column":2},"end":{"line":33,"column":null}},"8":{"start":{"line":30,"column":4},"end":{"line":32,"column":7}},"9":{"start":{"line":35,"column":2},"end":{"line":39,"column":null}},"10":{"start":{"line":36,"column":4},"end":{"line":38,"column":7}},"11":{"start":{"line":43,"column":2},"end":{"line":46,"column":5}},"12":{"start":{"line":5,"column":0},"end":{"line":5,"column":16}}},"fnMap":{"0":{"name":"handleApplicationErrors","decl":{"start":{"line":5,"column":16},"end":{"line":5,"column":39}},"loc":{"start":{"line":9,"column":21},"end":{"line":47,"column":1}}}},"branchMap":{"0":{"loc":{"start":{"line":11,"column":2},"end":{"line":15,"column":null}},"type":"if","locations":[{"start":{"line":11,"column":2},"end":{"line":15,"column":null}}]},"1":{"loc":{"start":{"line":17,"column":2},"end":{"line":21,"column":null}},"type":"if","locations":[{"start":{"line":17,"column":2},"end":{"line":21,"column":null}}]},"2":{"loc":{"start":{"line":17,"column":6},"end":{"line":17,"column":73}},"type":"binary-expr","locations":[{"start":{"line":17,"column":6},"end":{"line":17,"column":34}},{"start":{"line":17,"column":38},"end":{"line":17,"column":73}}]},"3":{"loc":{"start":{"line":23,"column":2},"end":{"line":27,"column":null}},"type":"if","locations":[{"start":{"line":23,"column":2},"end":{"line":27,"column":null}}]},"4":{"loc":{"start":{"line":29,"column":2},"end":{"line":33,"column":null}},"type":"if","locations":[{"start":{"line":29,"column":2},"end":{"line":33,"column":null}}]},"5":{"loc":{"start":{"line":35,"column":2},"end":{"line":39,"column":null}},"type":"if","locations":[{"start":{"line":35,"column":2},"end":{"line":39,"column":null}}]}},"s":{"0":11,"1":8,"2":0,"3":8,"4":0,"5":8,"6":0,"7":8,"8":0,"9":8,"10":0,"11":8,"12":11},"f":{"0":8},"b":{"0":[0],"1":[0],"2":[8,8],"3":[0],"4":[0],"5":[0]}}
,"/home/leonardo/Documents/GitHub/drivent1-ref-initial/src/middlewares/index.ts": {"path":"/home/leonardo/Documents/GitHub/drivent1-ref-initial/src/middlewares/index.ts","statementMap":{"0":{"start":{"line":1,"column":0},"end":{"line":1,"column":44}},"1":{"start":{"line":2,"column":0},"end":{"line":2,"column":40}},"2":{"start":{"line":3,"column":0},"end":{"line":3,"column":44}}},"fnMap":{},"branchMap":{},"s":{"0":11,"1":11,"2":11},"f":{},"b":{}}
,"/home/leonardo/Documents/GitHub/drivent1-ref-initial/src/middlewares/validation-middleware.ts": {"path":"/home/leonardo/Documents/GitHub/drivent1-ref-initial/src/middlewares/validation-middleware.ts","statementMap":{"0":{"start":{"line":2,"column":0},"end":{"line":2,"column":37}},"1":{"start":{"line":4,"column":0},"end":{"line":4,"column":44}},"2":{"start":{"line":7,"column":2},"end":{"line":7,"column":34}},"3":{"start":{"line":6,"column":0},"end":{"line":6,"column":16}},"4":{"start":{"line":11,"column":2},"end":{"line":11,"column":36}},"5":{"start":{"line":10,"column":0},"end":{"line":10,"column":16}},"6":{"start":{"line":15,"column":2},"end":{"line":25,"column":4}},"7":{"start":{"line":16,"column":22},"end":{"line":18,"column":6}},"8":{"start":{"line":20,"column":4},"end":{"line":24,"column":null}},"9":{"start":{"line":21,"column":6},"end":{"line":21,"column":13}},"10":{"start":{"line":23,"column":6},"end":{"line":23,"column":101}},"11":{"start":{"line":23,"column":88},"end":{"line":23,"column":97}}},"fnMap":{"0":{"name":"validateBody","decl":{"start":{"line":6,"column":16},"end":{"line":6,"column":28}},"loc":{"start":{"line":6,"column":55},"end":{"line":8,"column":1}}},"1":{"name":"validateParams","decl":{"start":{"line":10,"column":16},"end":{"line":10,"column":30}},"loc":{"start":{"line":10,"column":57},"end":{"line":12,"column":1}}},"2":{"name":"validate","decl":{"start":{"line":14,"column":9},"end":{"line":14,"column":17}},"loc":{"start":{"line":14,"column":63},"end":{"line":26,"column":1}}},"3":{"name":"(anonymous_4)","decl":{"start":{"line":15,"column":9},"end":{"line":15,"column":10}},"loc":{"start":{"line":15,"column":61},"end":{"line":25,"column":3}}},"4":{"name":"(anonymous_5)","decl":{"start":{"line":23,"column":81},"end":{"line":23,"column":82}},"loc":{"start":{"line":23,"column":88},"end":{"line":23,"column":97}}}},"branchMap":{"0":{"loc":{"start":{"line":20,"column":4},"end":{"line":24,"column":null}},"type":"if","locations":[{"start":{"line":20,"column":4},"end":{"line":24,"column":null}},{"start":{"line":22,"column":11},"end":{"line":24,"column":null}}]}},"s":{"0":11,"1":11,"2":55,"3":11,"4":0,"5":11,"6":55,"7":31,"8":31,"9":21,"10":10,"11":26},"f":{"0":55,"1":0,"2":55,"3":31,"4":26},"b":{"0":[21,10]}}
,"/home/leonardo/Documents/GitHub/drivent1-ref-initial/src/repositories/address-repository/index.ts": {"path":"/home/leonardo/Documents/GitHub/drivent1-ref-initial/src/repositories/address-repository/index.ts","statementMap":{"0":{"start":{"line":2,"column":0},"end":{"line":2,"column":34}},"1":{"start":{"line":5,"column":2},"end":{"line":14,"column":5}},"2":{"start":{"line":20,"column":26},"end":{"line":22,"column":2}},"3":{"start":{"line":24,"column":0},"end":{"line":24,"column":33}}},"fnMap":{"0":{"name":"upsert","decl":{"start":{"line":4,"column":15},"end":{"line":4,"column":21}},"loc":{"start":{"line":4,"column":116},"end":{"line":15,"column":1}}}},"branchMap":{},"s":{"0":11,"1":2,"2":11,"3":11},"f":{"0":2},"b":{}}
,"/home/leonardo/Documents/GitHub/drivent1-ref-initial/src/repositories/booking-repository/index.ts": {"path":"/home/leonardo/Documents/GitHub/drivent1-ref-initial/src/repositories/booking-repository/index.ts","statementMap":{"0":{"start":{"line":1,"column":0},"end":{"line":1,"column":34}},"1":{"start":{"line":4,"column":15},"end":{"line":8,"column":4}},"2":{"start":{"line":9,"column":2},"end":{"line":9,"column":14}},"3":{"start":{"line":13,"column":15},"end":{"line":20,"column":4}},"4":{"start":{"line":21,"column":2},"end":{"line":21,"column":14}},"5":{"start":{"line":25,"column":15},"end":{"line":29,"column":4}},"6":{"start":{"line":30,"column":2},"end":{"line":30,"column":14}},"7":{"start":{"line":34,"column":2},"end":{"line":38,"column":5}},"8":{"start":{"line":42,"column":15},"end":{"line":46,"column":4}},"9":{"start":{"line":47,"column":2},"end":{"line":47,"column":14}},"10":{"start":{"line":51,"column":15},"end":{"line":55,"column":4}},"11":{"start":{"line":56,"column":2},"end":{"line":56,"column":14}},"12":{"start":{"line":60,"column":2},"end":{"line":67,"column":5}},"13":{"start":{"line":71,"column":15},"end":{"line":76,"column":4}},"14":{"start":{"line":77,"column":2},"end":{"line":77,"column":14}},"15":{"start":{"line":80,"column":24},"end":{"line":89,"column":2}},"16":{"start":{"line":91,"column":0},"end":{"line":91,"column":31}}},"fnMap":{"0":{"name":"findTicketByEnrollmentId","decl":{"start":{"line":3,"column":15},"end":{"line":3,"column":39}},"loc":{"start":{"line":3,"column":60},"end":{"line":10,"column":1}}},"1":{"name":"updateBookingFromUserByRoomId","decl":{"start":{"line":12,"column":15},"end":{"line":12,"column":44}},"loc":{"start":{"line":12,"column":71},"end":{"line":22,"column":1}}},"2":{"name":"findTicketTypeById","decl":{"start":{"line":24,"column":15},"end":{"line":24,"column":33}},"loc":{"start":{"line":24,"column":54},"end":{"line":31,"column":1}}},"3":{"name":"findBooking","decl":{"start":{"line":33,"column":15},"end":{"line":33,"column":26}},"loc":{"start":{"line":33,"column":26},"end":{"line":39,"column":1}}},"4":{"name":"findRoonsFromBookingByUserId","decl":{"start":{"line":41,"column":15},"end":{"line":41,"column":43}},"loc":{"start":{"line":41,"column":58},"end":{"line":48,"column":1}}},"5":{"name":"findEnrollmentByUserId","decl":{"start":{"line":50,"column":15},"end":{"line":50,"column":37}},"loc":{"start":{"line":50,"column":52},"end":{"line":57,"column":1}}},"6":{"name":"findRoonsById","decl":{"start":{"line":59,"column":15},"end":{"line":59,"column":28}},"loc":{"start":{"line":59,"column":43},"end":{"line":68,"column":1}}},"7":{"name":"createBookingByRoomId","decl":{"start":{"line":70,"column":15},"end":{"line":70,"column":36}},"loc":{"start":{"line":70,"column":67},"end":{"line":78,"column":1}}}},"branchMap":{},"s":{"0":11,"1":6,"2":6,"3":1,"4":1,"5":6,"6":6,"7":2,"8":4,"9":4,"10":6,"11":6,"12":6,"13":1,"14":1,"15":11,"16":11},"f":{"0":6,"1":1,"2":6,"3":2,"4":4,"5":6,"6":6,"7":1},"b":{}}
,"/home/leonardo/Documents/GitHub/drivent1-ref-initial/src/repositories/enrollment-repository/index.ts": {"path":"/home/leonardo/Documents/GitHub/drivent1-ref-initial/src/repositories/enrollment-repository/index.ts","statementMap":{"0":{"start":{"line":2,"column":0},"end":{"line":2,"column":34}},"1":{"start":{"line":5,"column":2},"end":{"line":10,"column":5}},"2":{"start":{"line":18,"column":2},"end":{"line":24,"column":5}},"3":{"start":{"line":30,"column":29},"end":{"line":33,"column":2}},"4":{"start":{"line":35,"column":0},"end":{"line":35,"column":36}}},"fnMap":{"0":{"name":"findWithAddressByUserId","decl":{"start":{"line":4,"column":15},"end":{"line":4,"column":38}},"loc":{"start":{"line":4,"column":53},"end":{"line":11,"column":1}}},"1":{"name":"upsert","decl":{"start":{"line":13,"column":15},"end":{"line":13,"column":21}},"loc":{"start":{"line":16,"column":43},"end":{"line":25,"column":1}}}},"branchMap":{},"s":{"0":11,"1":2,"2":2,"3":11,"4":11},"f":{"0":2,"1":2},"b":{}}
,"/home/leonardo/Documents/GitHub/drivent1-ref-initial/src/repositories/event-repository/index.ts": {"path":"/home/leonardo/Documents/GitHub/drivent1-ref-initial/src/repositories/event-repository/index.ts","statementMap":{"0":{"start":{"line":1,"column":0},"end":{"line":1,"column":34}},"1":{"start":{"line":4,"column":2},"end":{"line":4,"column":34}},"2":{"start":{"line":7,"column":24},"end":{"line":9,"column":2}},"3":{"start":{"line":11,"column":0},"end":{"line":11,"column":31}}},"fnMap":{"0":{"name":"findFirst","decl":{"start":{"line":3,"column":15},"end":{"line":3,"column":24}},"loc":{"start":{"line":3,"column":24},"end":{"line":5,"column":1}}}},"branchMap":{},"s":{"0":11,"1":11,"2":11,"3":11},"f":{"0":11},"b":{}}
,"/home/leonardo/Documents/GitHub/drivent1-ref-initial/src/repositories/hotel-repository/index.ts": {"path":"/home/leonardo/Documents/GitHub/drivent1-ref-initial/src/repositories/hotel-repository/index.ts","statementMap":{"0":{"start":{"line":1,"column":0},"end":{"line":1,"column":34}},"1":{"start":{"line":4,"column":15},"end":{"line":8,"column":4}},"2":{"start":{"line":9,"column":2},"end":{"line":9,"column":14}},"3":{"start":{"line":13,"column":15},"end":{"line":17,"column":4}},"4":{"start":{"line":18,"column":2},"end":{"line":18,"column":14}},"5":{"start":{"line":22,"column":15},"end":{"line":26,"column":4}},"6":{"start":{"line":27,"column":2},"end":{"line":27,"column":14}},"7":{"start":{"line":31,"column":2},"end":{"line":31,"column":35}},"8":{"start":{"line":35,"column":15},"end":{"line":39,"column":4}},"9":{"start":{"line":40,"column":2},"end":{"line":40,"column":14}},"10":{"start":{"line":44,"column":15},"end":{"line":51,"column":4}},"11":{"start":{"line":52,"column":2},"end":{"line":52,"column":14}},"12":{"start":{"line":56,"column":2},"end":{"line":60,"column":5}},"13":{"start":{"line":64,"column":2},"end":{"line":71,"column":5}},"14":{"start":{"line":75,"column":2},"end":{"line":84,"column":5}},"15":{"start":{"line":87,"column":24},"end":{"line":97,"column":2}},"16":{"start":{"line":99,"column":0},"end":{"line":99,"column":31}}},"fnMap":{"0":{"name":"findTicketByEnrollmentId","decl":{"start":{"line":3,"column":15},"end":{"line":3,"column":39}},"loc":{"start":{"line":3,"column":60},"end":{"line":10,"column":1}}},"1":{"name":"findPaymentByTicketId","decl":{"start":{"line":12,"column":15},"end":{"line":12,"column":36}},"loc":{"start":{"line":12,"column":53},"end":{"line":19,"column":1}}},"2":{"name":"findTicketTypeById","decl":{"start":{"line":21,"column":15},"end":{"line":21,"column":33}},"loc":{"start":{"line":21,"column":54},"end":{"line":28,"column":1}}},"3":{"name":"findAllHotels","decl":{"start":{"line":30,"column":15},"end":{"line":30,"column":28}},"loc":{"start":{"line":30,"column":28},"end":{"line":32,"column":1}}},"4":{"name":"findEnrollmentByUserId","decl":{"start":{"line":34,"column":15},"end":{"line":34,"column":37}},"loc":{"start":{"line":34,"column":52},"end":{"line":41,"column":1}}},"5":{"name":"createPaymentFromTicket","decl":{"start":{"line":43,"column":15},"end":{"line":43,"column":38}},"loc":{"start":{"line":43,"column":114},"end":{"line":53,"column":1}}},"6":{"name":"findHotelById","decl":{"start":{"line":55,"column":15},"end":{"line":55,"column":28}},"loc":{"start":{"line":55,"column":44},"end":{"line":61,"column":1}}},"7":{"name":"findRoonsByIdHotel","decl":{"start":{"line":63,"column":15},"end":{"line":63,"column":33}},"loc":{"start":{"line":63,"column":49},"end":{"line":72,"column":1}}},"8":{"name":"findPaymentFromUser","decl":{"start":{"line":74,"column":15},"end":{"line":74,"column":34}},"loc":{"start":{"line":74,"column":67},"end":{"line":85,"column":1}}}},"branchMap":{},"s":{"0":11,"1":12,"2":12,"3":0,"4":0,"5":8,"6":8,"7":2,"8":14,"9":14,"10":0,"11":0,"12":2,"13":1,"14":0,"15":11,"16":11},"f":{"0":12,"1":0,"2":8,"3":2,"4":14,"5":0,"6":2,"7":1,"8":0},"b":{}}
,"/home/leonardo/Documents/GitHub/drivent1-ref-initial/src/repositories/payment-repository/index.ts": {"path":"/home/leonardo/Documents/GitHub/drivent1-ref-initial/src/repositories/payment-repository/index.ts","statementMap":{"0":{"start":{"line":1,"column":0},"end":{"line":1,"column":34}},"1":{"start":{"line":4,"column":15},"end":{"line":8,"column":4}},"2":{"start":{"line":9,"column":2},"end":{"line":9,"column":14}},"3":{"start":{"line":13,"column":15},"end":{"line":17,"column":4}},"4":{"start":{"line":18,"column":2},"end":{"line":18,"column":14}},"5":{"start":{"line":22,"column":15},"end":{"line":26,"column":4}},"6":{"start":{"line":27,"column":2},"end":{"line":27,"column":14}},"7":{"start":{"line":31,"column":15},"end":{"line":38,"column":4}},"8":{"start":{"line":39,"column":2},"end":{"line":39,"column":14}},"9":{"start":{"line":43,"column":2},"end":{"line":50,"column":5}},"10":{"start":{"line":54,"column":2},"end":{"line":61,"column":5}},"11":{"start":{"line":65,"column":2},"end":{"line":74,"column":5}},"12":{"start":{"line":77,"column":26},"end":{"line":85,"column":2}},"13":{"start":{"line":87,"column":0},"end":{"line":87,"column":33}}},"fnMap":{"0":{"name":"findTicketById","decl":{"start":{"line":3,"column":15},"end":{"line":3,"column":29}},"loc":{"start":{"line":3,"column":46},"end":{"line":10,"column":1}}},"1":{"name":"findPaymentByTicketId","decl":{"start":{"line":12,"column":15},"end":{"line":12,"column":36}},"loc":{"start":{"line":12,"column":53},"end":{"line":19,"column":1}}},"2":{"name":"findEnrollmentByUserId","decl":{"start":{"line":21,"column":15},"end":{"line":21,"column":37}},"loc":{"start":{"line":21,"column":52},"end":{"line":28,"column":1}}},"3":{"name":"createPaymentFromTicket","decl":{"start":{"line":30,"column":15},"end":{"line":30,"column":38}},"loc":{"start":{"line":30,"column":114},"end":{"line":40,"column":1}}},"4":{"name":"findTicketFromToUser","decl":{"start":{"line":42,"column":15},"end":{"line":42,"column":35}},"loc":{"start":{"line":42,"column":62},"end":{"line":51,"column":1}}},"5":{"name":"updateTicketStatus","decl":{"start":{"line":53,"column":15},"end":{"line":53,"column":33}},"loc":{"start":{"line":53,"column":44},"end":{"line":62,"column":1}}},"6":{"name":"findPaymentFromUser","decl":{"start":{"line":64,"column":15},"end":{"line":64,"column":34}},"loc":{"start":{"line":64,"column":67},"end":{"line":75,"column":1}}}},"branchMap":{},"s":{"0":11,"1":8,"2":8,"3":1,"4":1,"5":0,"6":0,"7":3,"8":3,"9":4,"10":3,"11":2,"12":11,"13":11},"f":{"0":8,"1":1,"2":0,"3":3,"4":4,"5":3,"6":2},"b":{}}
,"/home/leonardo/Documents/GitHub/drivent1-ref-initial/src/repositories/session-repository/index.ts": {"path":"/home/leonardo/Documents/GitHub/drivent1-ref-initial/src/repositories/session-repository/index.ts","statementMap":{"0":{"start":{"line":2,"column":0},"end":{"line":2,"column":34}},"1":{"start":{"line":5,"column":2},"end":{"line":7,"column":5}},"2":{"start":{"line":10,"column":26},"end":{"line":12,"column":2}},"3":{"start":{"line":14,"column":0},"end":{"line":14,"column":33}}},"fnMap":{"0":{"name":"create","decl":{"start":{"line":4,"column":15},"end":{"line":4,"column":21}},"loc":{"start":{"line":4,"column":62},"end":{"line":8,"column":1}}}},"branchMap":{},"s":{"0":11,"1":5,"2":11,"3":11},"f":{"0":5},"b":{}}
,"/home/leonardo/Documents/GitHub/drivent1-ref-initial/src/repositories/ticket-repository/index.ts": {"path":"/home/leonardo/Documents/GitHub/drivent1-ref-initial/src/repositories/ticket-repository/index.ts","statementMap":{"0":{"start":{"line":1,"column":0},"end":{"line":1,"column":34}},"1":{"start":{"line":5,"column":2},"end":{"line":5,"column":38}},"2":{"start":{"line":9,"column":15},"end":{"line":13,"column":4}},"3":{"start":{"line":14,"column":2},"end":{"line":14,"column":14}},"4":{"start":{"line":18,"column":15},"end":{"line":22,"column":4}},"5":{"start":{"line":23,"column":2},"end":{"line":23,"column":14}},"6":{"start":{"line":27,"column":15},"end":{"line":31,"column":4}},"7":{"start":{"line":32,"column":2},"end":{"line":32,"column":14}},"8":{"start":{"line":36,"column":15},"end":{"line":43,"column":4}},"9":{"start":{"line":44,"column":2},"end":{"line":44,"column":14}},"10":{"start":{"line":48,"column":15},"end":{"line":52,"column":4}},"11":{"start":{"line":53,"column":2},"end":{"line":53,"column":14}},"12":{"start":{"line":57,"column":15},"end":{"line":62,"column":4}},"13":{"start":{"line":63,"column":2},"end":{"line":63,"column":14}},"14":{"start":{"line":66,"column":25},"end":{"line":74,"column":2}},"15":{"start":{"line":76,"column":0},"end":{"line":76,"column":32}}},"fnMap":{"0":{"name":"findManyTicketType","decl":{"start":{"line":4,"column":15},"end":{"line":4,"column":33}},"loc":{"start":{"line":4,"column":33},"end":{"line":6,"column":1}}},"1":{"name":"findUserByEmailFromTicket","decl":{"start":{"line":8,"column":15},"end":{"line":8,"column":40}},"loc":{"start":{"line":8,"column":54},"end":{"line":15,"column":1}}},"2":{"name":"findUserByIdFromTicket","decl":{"start":{"line":17,"column":15},"end":{"line":17,"column":37}},"loc":{"start":{"line":17,"column":48},"end":{"line":24,"column":1}}},"3":{"name":"findEnrollmentByIdFromTicket","decl":{"start":{"line":26,"column":15},"end":{"line":26,"column":43}},"loc":{"start":{"line":26,"column":58},"end":{"line":33,"column":1}}},"4":{"name":"findManyTicketsFromUser","decl":{"start":{"line":35,"column":15},"end":{"line":35,"column":38}},"loc":{"start":{"line":35,"column":59},"end":{"line":45,"column":1}}},"5":{"name":"findTicketTypeById","decl":{"start":{"line":47,"column":15},"end":{"line":47,"column":33}},"loc":{"start":{"line":47,"column":44},"end":{"line":54,"column":1}}},"6":{"name":"createNewTicketFromUserAndType","decl":{"start":{"line":56,"column":15},"end":{"line":56,"column":45}},"loc":{"start":{"line":56,"column":71},"end":{"line":64,"column":1}}}},"branchMap":{},"s":{"0":11,"1":2,"2":0,"3":0,"4":3,"5":3,"6":6,"7":6,"8":2,"9":2,"10":6,"11":6,"12":2,"13":2,"14":11,"15":11},"f":{"0":2,"1":0,"2":3,"3":6,"4":2,"5":6,"6":2},"b":{}}
,"/home/leonardo/Documents/GitHub/drivent1-ref-initial/src/repositories/user-repository/index.ts": {"path":"/home/leonardo/Documents/GitHub/drivent1-ref-initial/src/repositories/user-repository/index.ts","statementMap":{"0":{"start":{"line":2,"column":0},"end":{"line":2,"column":34}},"1":{"start":{"line":5,"column":44},"end":{"line":9,"column":4}},"2":{"start":{"line":11,"column":2},"end":{"line":13,"column":null}},"3":{"start":{"line":12,"column":4},"end":{"line":12,"column":27}},"4":{"start":{"line":15,"column":2},"end":{"line":15,"column":40}},"5":{"start":{"line":19,"column":2},"end":{"line":21,"column":5}},"6":{"start":{"line":24,"column":23},"end":{"line":27,"column":2}},"7":{"start":{"line":29,"column":0},"end":{"line":29,"column":30}}},"fnMap":{"0":{"name":"findByEmail","decl":{"start":{"line":4,"column":15},"end":{"line":4,"column":26}},"loc":{"start":{"line":4,"column":68},"end":{"line":16,"column":1}}},"1":{"name":"create","decl":{"start":{"line":18,"column":15},"end":{"line":18,"column":21}},"loc":{"start":{"line":18,"column":59},"end":{"line":22,"column":1}}}},"branchMap":{"0":{"loc":{"start":{"line":11,"column":2},"end":{"line":13,"column":null}},"type":"if","locations":[{"start":{"line":11,"column":2},"end":{"line":13,"column":null}}]}},"s":{"0":11,"1":16,"2":16,"3":9,"4":16,"5":5,"6":11,"7":11},"f":{"0":16,"1":5},"b":{"0":[9]}}
,"/home/leonardo/Documents/GitHub/drivent1-ref-initial/src/routers/authentication-router.ts": {"path":"/home/leonardo/Documents/GitHub/drivent1-ref-initial/src/routers/authentication-router.ts","statementMap":{"0":{"start":{"line":1,"column":0},"end":{"line":1,"column":33}},"1":{"start":{"line":2,"column":0},"end":{"line":2,"column":43}},"2":{"start":{"line":3,"column":0},"end":{"line":3,"column":45}},"3":{"start":{"line":4,"column":0},"end":{"line":4,"column":41}},"4":{"start":{"line":6,"column":29},"end":{"line":6,"column":37}},"5":{"start":{"line":10,"column":9},"end":{"line":10,"column":29}},"6":{"start":{"line":8,"column":0},"end":{"line":8,"column":78}}},"fnMap":{},"branchMap":{},"s":{"0":11,"1":11,"2":11,"3":11,"4":11,"5":11,"6":11},"f":{},"b":{}}
,"/home/leonardo/Documents/GitHub/drivent1-ref-initial/src/routers/bookings-router.ts": {"path":"/home/leonardo/Documents/GitHub/drivent1-ref-initial/src/routers/bookings-router.ts","statementMap":{"0":{"start":{"line":1,"column":0},"end":{"line":1,"column":33}},"1":{"start":{"line":2,"column":0},"end":{"line":2,"column":50}},"2":{"start":{"line":3,"column":0},"end":{"line":3,"column":95}},"3":{"start":{"line":5,"column":23},"end":{"line":5,"column":31}},"4":{"start":{"line":13,"column":9},"end":{"line":13,"column":23}},"5":{"start":{"line":7,"column":0},"end":{"line":11,"column":38}}},"fnMap":{},"branchMap":{},"s":{"0":11,"1":11,"2":11,"3":11,"4":11,"5":11},"f":{},"b":{}}
,"/home/leonardo/Documents/GitHub/drivent1-ref-initial/src/routers/enrollments-router.ts": {"path":"/home/leonardo/Documents/GitHub/drivent1-ref-initial/src/routers/enrollments-router.ts","statementMap":{"0":{"start":{"line":1,"column":0},"end":{"line":1,"column":33}},"1":{"start":{"line":2,"column":0},"end":{"line":2,"column":64}},"2":{"start":{"line":3,"column":0},"end":{"line":3,"column":101}},"3":{"start":{"line":4,"column":0},"end":{"line":4,"column":51}},"4":{"start":{"line":6,"column":26},"end":{"line":6,"column":34}},"5":{"start":{"line":14,"column":9},"end":{"line":14,"column":26}},"6":{"start":{"line":8,"column":0},"end":{"line":12,"column":81}}},"fnMap":{},"branchMap":{},"s":{"0":11,"1":11,"2":11,"3":11,"4":11,"5":11,"6":11},"f":{},"b":{}}
,"/home/leonardo/Documents/GitHub/drivent1-ref-initial/src/routers/events-router.ts": {"path":"/home/leonardo/Documents/GitHub/drivent1-ref-initial/src/routers/events-router.ts","statementMap":{"0":{"start":{"line":1,"column":0},"end":{"line":1,"column":33}},"1":{"start":{"line":2,"column":0},"end":{"line":2,"column":48}},"2":{"start":{"line":4,"column":21},"end":{"line":4,"column":29}},"3":{"start":{"line":8,"column":9},"end":{"line":8,"column":21}},"4":{"start":{"line":6,"column":0},"end":{"line":6,"column":39}}},"fnMap":{},"branchMap":{},"s":{"0":11,"1":11,"2":11,"3":11,"4":11},"f":{},"b":{}}
,"/home/leonardo/Documents/GitHub/drivent1-ref-initial/src/routers/hotels-router.ts": {"path":"/home/leonardo/Documents/GitHub/drivent1-ref-initial/src/routers/hotels-router.ts","statementMap":{"0":{"start":{"line":1,"column":0},"end":{"line":1,"column":33}},"1":{"start":{"line":2,"column":0},"end":{"line":2,"column":50}},"2":{"start":{"line":3,"column":0},"end":{"line":3,"column":85}},"3":{"start":{"line":5,"column":21},"end":{"line":5,"column":29}},"4":{"start":{"line":9,"column":9},"end":{"line":9,"column":21}},"5":{"start":{"line":7,"column":0},"end":{"line":7,"column":104}}},"fnMap":{},"branchMap":{},"s":{"0":11,"1":11,"2":11,"3":11,"4":11,"5":11},"f":{},"b":{}}
,"/home/leonardo/Documents/GitHub/drivent1-ref-initial/src/routers/index.ts": {"path":"/home/leonardo/Documents/GitHub/drivent1-ref-initial/src/routers/index.ts","statementMap":{"0":{"start":{"line":1,"column":0},"end":{"line":1,"column":34}},"1":{"start":{"line":2,"column":0},"end":{"line":2,"column":31}},"2":{"start":{"line":3,"column":0},"end":{"line":3,"column":40}},"3":{"start":{"line":4,"column":0},"end":{"line":4,"column":32}},"4":{"start":{"line":5,"column":0},"end":{"line":5,"column":37}},"5":{"start":{"line":6,"column":0},"end":{"line":6,"column":33}},"6":{"start":{"line":7,"column":0},"end":{"line":7,"column":32}},"7":{"start":{"line":8,"column":0},"end":{"line":8,"column":34}}},"fnMap":{},"branchMap":{},"s":{"0":11,"1":11,"2":11,"3":11,"4":11,"5":11,"6":11,"7":11},"f":{},"b":{}}
,"/home/leonardo/Documents/GitHub/drivent1-ref-initial/src/routers/payments-router.ts": {"path":"/home/leonardo/Documents/GitHub/drivent1-ref-initial/src/routers/payments-router.ts","statementMap":{"0":{"start":{"line":1,"column":0},"end":{"line":1,"column":33}},"1":{"start":{"line":2,"column":0},"end":{"line":2,"column":64}},"2":{"start":{"line":3,"column":0},"end":{"line":3,"column":42}},"3":{"start":{"line":4,"column":0},"end":{"line":4,"column":78}},"4":{"start":{"line":6,"column":23},"end":{"line":6,"column":31}},"5":{"start":{"line":13,"column":9},"end":{"line":13,"column":23}},"6":{"start":{"line":8,"column":0},"end":{"line":11,"column":73}}},"fnMap":{},"branchMap":{},"s":{"0":11,"1":11,"2":11,"3":11,"4":11,"5":11,"6":11},"f":{},"b":{}}
,"/home/leonardo/Documents/GitHub/drivent1-ref-initial/src/routers/tickets-router.ts": {"path":"/home/leonardo/Documents/GitHub/drivent1-ref-initial/src/routers/tickets-router.ts","statementMap":{"0":{"start":{"line":1,"column":0},"end":{"line":1,"column":33}},"1":{"start":{"line":2,"column":0},"end":{"line":2,"column":47}},"2":{"start":{"line":3,"column":0},"end":{"line":3,"column":64}},"3":{"start":{"line":4,"column":0},"end":{"line":4,"column":85}},"4":{"start":{"line":6,"column":22},"end":{"line":6,"column":30}},"5":{"start":{"line":14,"column":9},"end":{"line":14,"column":22}},"6":{"start":{"line":8,"column":0},"end":{"line":12,"column":65}}},"fnMap":{},"branchMap":{},"s":{"0":11,"1":11,"2":11,"3":11,"4":11,"5":11,"6":11},"f":{},"b":{}}
,"/home/leonardo/Documents/GitHub/drivent1-ref-initial/src/routers/users-router.ts": {"path":"/home/leonardo/Documents/GitHub/drivent1-ref-initial/src/routers/users-router.ts","statementMap":{"0":{"start":{"line":1,"column":0},"end":{"line":1,"column":33}},"1":{"start":{"line":3,"column":0},"end":{"line":3,"column":45}},"2":{"start":{"line":4,"column":0},"end":{"line":4,"column":45}},"3":{"start":{"line":5,"column":0},"end":{"line":5,"column":42}},"4":{"start":{"line":7,"column":20},"end":{"line":7,"column":28}},"5":{"start":{"line":11,"column":9},"end":{"line":11,"column":20}},"6":{"start":{"line":9,"column":0},"end":{"line":9,"column":65}}},"fnMap":{},"branchMap":{},"s":{"0":11,"1":11,"2":11,"3":11,"4":11,"5":11,"6":11},"f":{},"b":{}}
,"/home/leonardo/Documents/GitHub/drivent1-ref-initial/src/schemas/authentication-schemas.ts": {"path":"/home/leonardo/Documents/GitHub/drivent1-ref-initial/src/schemas/authentication-schemas.ts","statementMap":{"0":{"start":{"line":1,"column":0},"end":{"line":1,"column":22}},"1":{"start":{"line":4,"column":13},"end":{"line":7,"column":3}}},"fnMap":{},"branchMap":{},"s":{"0":14,"1":14},"f":{},"b":{}}
,"/home/leonardo/Documents/GitHub/drivent1-ref-initial/src/schemas/enrollments-schemas.ts": {"path":"/home/leonardo/Documents/GitHub/drivent1-ref-initial/src/schemas/enrollments-schemas.ts","statementMap":{"0":{"start":{"line":1,"column":0},"end":{"line":1,"column":105}},"1":{"start":{"line":2,"column":0},"end":{"line":2,"column":22}},"2":{"start":{"line":5,"column":28},"end":{"line":5,"column":87}},"3":{"start":{"line":7,"column":28},"end":{"line":7,"column":86}},"4":{"start":{"line":9,"column":36},"end":{"line":9,"column":108}},"5":{"start":{"line":11,"column":13},"end":{"line":28,"column":3}},"6":{"start":{"line":23,"column":39},"end":{"line":23,"column":45}},"7":{"start":{"line":31,"column":2},"end":{"line":31,"column":27}},"8":{"start":{"line":31,"column":14},"end":{"line":31,"column":27}},"9":{"start":{"line":33,"column":2},"end":{"line":35,"column":null}},"10":{"start":{"line":34,"column":4},"end":{"line":34,"column":40}},"11":{"start":{"line":37,"column":2},"end":{"line":37,"column":15}},"12":{"start":{"line":41,"column":2},"end":{"line":41,"column":27}},"13":{"start":{"line":41,"column":14},"end":{"line":41,"column":27}},"14":{"start":{"line":43,"column":2},"end":{"line":45,"column":null}},"15":{"start":{"line":44,"column":4},"end":{"line":44,"column":40}},"16":{"start":{"line":47,"column":2},"end":{"line":47,"column":15}},"17":{"start":{"line":51,"column":2},"end":{"line":51,"column":27}},"18":{"start":{"line":51,"column":14},"end":{"line":51,"column":27}},"19":{"start":{"line":53,"column":2},"end":{"line":55,"column":null}},"20":{"start":{"line":54,"column":4},"end":{"line":54,"column":40}},"21":{"start":{"line":57,"column":2},"end":{"line":57,"column":15}}},"fnMap":{"0":{"name":"(anonymous_1)","decl":{"start":{"line":23,"column":32},"end":{"line":23,"column":33}},"loc":{"start":{"line":23,"column":39},"end":{"line":23,"column":45}}},"1":{"name":"joiCpfValidation","decl":{"start":{"line":30,"column":9},"end":{"line":30,"column":25}},"loc":{"start":{"line":30,"column":75},"end":{"line":38,"column":1}}},"2":{"name":"JoiCepValidation","decl":{"start":{"line":40,"column":9},"end":{"line":40,"column":25}},"loc":{"start":{"line":40,"column":75},"end":{"line":48,"column":1}}},"3":{"name":"joiMobilePhoneValidation","decl":{"start":{"line":50,"column":9},"end":{"line":50,"column":33}},"loc":{"start":{"line":50,"column":83},"end":{"line":58,"column":1}}}},"branchMap":{"0":{"loc":{"start":{"line":31,"column":2},"end":{"line":31,"column":27}},"type":"if","locations":[{"start":{"line":31,"column":2},"end":{"line":31,"column":27}}]},"1":{"loc":{"start":{"line":33,"column":2},"end":{"line":35,"column":null}},"type":"if","locations":[{"start":{"line":33,"column":2},"end":{"line":35,"column":null}}]},"2":{"loc":{"start":{"line":41,"column":2},"end":{"line":41,"column":27}},"type":"if","locations":[{"start":{"line":41,"column":2},"end":{"line":41,"column":27}}]},"3":{"loc":{"start":{"line":43,"column":2},"end":{"line":45,"column":null}},"type":"if","locations":[{"start":{"line":43,"column":2},"end":{"line":45,"column":null}}]},"4":{"loc":{"start":{"line":51,"column":2},"end":{"line":51,"column":27}},"type":"if","locations":[{"start":{"line":51,"column":2},"end":{"line":51,"column":27}}]},"5":{"loc":{"start":{"line":53,"column":2},"end":{"line":55,"column":null}},"type":"if","locations":[{"start":{"line":53,"column":2},"end":{"line":55,"column":null}}]}},"s":{"0":14,"1":14,"2":14,"3":14,"4":14,"5":14,"6":378,"7":29,"8":0,"9":29,"10":1,"11":28,"12":19,"13":0,"14":19,"15":1,"16":18,"17":23,"18":0,"19":23,"20":0,"21":23},"f":{"0":378,"1":29,"2":19,"3":23},"b":{"0":[0],"1":[1],"2":[0],"3":[1],"4":[0],"5":[0]}}
,"/home/leonardo/Documents/GitHub/drivent1-ref-initial/src/schemas/index.ts": {"path":"/home/leonardo/Documents/GitHub/drivent1-ref-initial/src/schemas/index.ts","statementMap":{"0":{"start":{"line":1,"column":0},"end":{"line":1,"column":32}},"1":{"start":{"line":2,"column":0},"end":{"line":2,"column":41}},"2":{"start":{"line":3,"column":0},"end":{"line":3,"column":38}},"3":{"start":{"line":4,"column":0},"end":{"line":4,"column":34}},"4":{"start":{"line":5,"column":0},"end":{"line":5,"column":35}}},"fnMap":{},"branchMap":{},"s":{"0":14,"1":14,"2":14,"3":14,"4":14},"f":{},"b":{}}
,"/home/leonardo/Documents/GitHub/drivent1-ref-initial/src/schemas/payments-schemas.ts": {"path":"/home/leonardo/Documents/GitHub/drivent1-ref-initial/src/schemas/payments-schemas.ts","statementMap":{"0":{"start":{"line":1,"column":0},"end":{"line":1,"column":22}},"1":{"start":{"line":3,"column":13},"end":{"line":12,"column":3}}},"fnMap":{},"branchMap":{},"s":{"0":14,"1":14},"f":{},"b":{}}
,"/home/leonardo/Documents/GitHub/drivent1-ref-initial/src/schemas/tickets-schemas.ts": {"path":"/home/leonardo/Documents/GitHub/drivent1-ref-initial/src/schemas/tickets-schemas.ts","statementMap":{"0":{"start":{"line":1,"column":0},"end":{"line":1,"column":22}},"1":{"start":{"line":3,"column":13},"end":{"line":5,"column":3}},"2":{"start":{"line":7,"column":13},"end":{"line":9,"column":3}}},"fnMap":{},"branchMap":{},"s":{"0":14,"1":14,"2":14},"f":{},"b":{}}
,"/home/leonardo/Documents/GitHub/drivent1-ref-initial/src/schemas/users-schemas.ts": {"path":"/home/leonardo/Documents/GitHub/drivent1-ref-initial/src/schemas/users-schemas.ts","statementMap":{"0":{"start":{"line":1,"column":0},"end":{"line":1,"column":22}},"1":{"start":{"line":4,"column":13},"end":{"line":7,"column":3}}},"fnMap":{},"branchMap":{},"s":{"0":14,"1":14},"f":{},"b":{}}
,"/home/leonardo/Documents/GitHub/drivent1-ref-initial/src/services/index.ts": {"path":"/home/leonardo/Documents/GitHub/drivent1-ref-initial/src/services/index.ts","statementMap":{"0":{"start":{"line":1,"column":0},"end":{"line":1,"column":32}},"1":{"start":{"line":2,"column":0},"end":{"line":2,"column":41}},"2":{"start":{"line":3,"column":0},"end":{"line":3,"column":33}},"3":{"start":{"line":4,"column":0},"end":{"line":4,"column":38}},"4":{"start":{"line":5,"column":0},"end":{"line":5,"column":35}},"5":{"start":{"line":6,"column":0},"end":{"line":6,"column":34}}},"fnMap":{},"branchMap":{},"s":{"0":0,"1":0,"2":0,"3":0,"4":0,"5":0},"f":{},"b":{}}
,"/home/leonardo/Documents/GitHub/drivent1-ref-initial/src/services/authentication-service/errors.ts": {"path":"/home/leonardo/Documents/GitHub/drivent1-ref-initial/src/services/authentication-service/errors.ts","statementMap":{"0":{"start":{"line":4,"column":2},"end":{"line":7,"column":4}},"1":{"start":{"line":3,"column":0},"end":{"line":3,"column":16}}},"fnMap":{"0":{"name":"invalidCredentialsError","decl":{"start":{"line":3,"column":16},"end":{"line":3,"column":39}},"loc":{"start":{"line":3,"column":39},"end":{"line":8,"column":1}}}},"branchMap":{},"s":{"0":6,"1":11},"f":{"0":6},"b":{}}
,"/home/leonardo/Documents/GitHub/drivent1-ref-initial/src/services/authentication-service/index.ts": {"path":"/home/leonardo/Documents/GitHub/drivent1-ref-initial/src/services/authentication-service/index.ts","statementMap":{"0":{"start":{"line":2,"column":0},"end":{"line":2,"column":28}},"1":{"start":{"line":3,"column":0},"end":{"line":3,"column":31}},"2":{"start":{"line":4,"column":0},"end":{"line":4,"column":51}},"3":{"start":{"line":5,"column":0},"end":{"line":5,"column":47}},"4":{"start":{"line":6,"column":0},"end":{"line":6,"column":60}},"5":{"start":{"line":7,"column":0},"end":{"line":7,"column":66}},"6":{"start":{"line":10,"column":30},"end":{"line":10,"column":36}},"7":{"start":{"line":12,"column":15},"end":{"line":12,"column":41}},"8":{"start":{"line":14,"column":2},"end":{"line":14,"column":56}},"9":{"start":{"line":16,"column":16},"end":{"line":16,"column":44}},"10":{"start":{"line":18,"column":2},"end":{"line":21,"column":4}},"11":{"start":{"line":25,"column":15},"end":{"line":25,"column":97}},"12":{"start":{"line":26,"column":2},"end":{"line":26,"column":45}},"13":{"start":{"line":26,"column":13},"end":{"line":26,"column":45}},"14":{"start":{"line":28,"column":2},"end":{"line":28,"column":14}},"15":{"start":{"line":32,"column":16},"end":{"line":32,"column":60}},"16":{"start":{"line":33,"column":2},"end":{"line":36,"column":5}},"17":{"start":{"line":38,"column":2},"end":{"line":38,"column":15}},"18":{"start":{"line":42,"column":26},"end":{"line":42,"column":70}},"19":{"start":{"line":43,"column":2},"end":{"line":43,"column":56}},"20":{"start":{"line":43,"column":24},"end":{"line":43,"column":56}},"21":{"start":{"line":55,"column":30},"end":{"line":57,"column":2}},"22":{"start":{"line":59,"column":0},"end":{"line":59,"column":37}},"23":{"start":{"line":60,"column":0},"end":{"line":60,"column":25}}},"fnMap":{"0":{"name":"signIn","decl":{"start":{"line":9,"column":15},"end":{"line":9,"column":21}},"loc":{"start":{"line":9,"column":42},"end":{"line":22,"column":1}}},"1":{"name":"getUserOrFail","decl":{"start":{"line":24,"column":15},"end":{"line":24,"column":28}},"loc":{"start":{"line":24,"column":42},"end":{"line":29,"column":1}}},"2":{"name":"createSession","decl":{"start":{"line":31,"column":15},"end":{"line":31,"column":28}},"loc":{"start":{"line":31,"column":43},"end":{"line":39,"column":1}}},"3":{"name":"validatePasswordOrFail","decl":{"start":{"line":41,"column":15},"end":{"line":41,"column":37}},"loc":{"start":{"line":41,"column":76},"end":{"line":44,"column":1}}}},"branchMap":{"0":{"loc":{"start":{"line":26,"column":2},"end":{"line":26,"column":45}},"type":"if","locations":[{"start":{"line":26,"column":2},"end":{"line":26,"column":45}}]},"1":{"loc":{"start":{"line":43,"column":2},"end":{"line":43,"column":56}},"type":"if","locations":[{"start":{"line":43,"column":2},"end":{"line":43,"column":56}}]}},"s":{"0":11,"1":11,"2":11,"3":11,"4":11,"5":11,"6":9,"7":9,"8":7,"9":5,"10":5,"11":9,"12":9,"13":2,"14":7,"15":5,"16":5,"17":5,"18":7,"19":7,"20":2,"21":11,"22":11,"23":11},"f":{"0":9,"1":9,"2":5,"3":7},"b":{"0":[2],"1":[2]}}
,"/home/leonardo/Documents/GitHub/drivent1-ref-initial/src/services/booking-service/index.ts": {"path":"/home/leonardo/Documents/GitHub/drivent1-ref-initial/src/services/booking-service/index.ts","statementMap":{"0":{"start":{"line":1,"column":0},"end":{"line":1,"column":55}},"1":{"start":{"line":2,"column":0},"end":{"line":2,"column":66}},"2":{"start":{"line":5,"column":18},"end":{"line":5,"column":55}},"3":{"start":{"line":6,"column":2},"end":{"line":6,"column":38}},"4":{"start":{"line":6,"column":16},"end":{"line":6,"column":38}},"5":{"start":{"line":8,"column":17},"end":{"line":11,"column":4}},"6":{"start":{"line":13,"column":2},"end":{"line":13,"column":16}},"7":{"start":{"line":17,"column":21},"end":{"line":17,"column":75}},"8":{"start":{"line":18,"column":17},"end":{"line":18,"column":80}},"9":{"start":{"line":19,"column":21},"end":{"line":19,"column":84}},"10":{"start":{"line":21,"column":2},"end":{"line":21,"column":72}},"11":{"start":{"line":21,"column":32},"end":{"line":21,"column":72}},"12":{"start":{"line":22,"column":2},"end":{"line":22,"column":85}},"13":{"start":{"line":22,"column":36},"end":{"line":22,"column":85}},"14":{"start":{"line":23,"column":2},"end":{"line":23,"column":104}},"15":{"start":{"line":23,"column":42},"end":{"line":23,"column":104}},"16":{"start":{"line":25,"column":15},"end":{"line":25,"column":60}},"17":{"start":{"line":26,"column":2},"end":{"line":26,"column":35}},"18":{"start":{"line":26,"column":13},"end":{"line":26,"column":35}},"19":{"start":{"line":27,"column":2},"end":{"line":27,"column":84}},"20":{"start":{"line":27,"column":44},"end":{"line":27,"column":84}},"21":{"start":{"line":29,"column":18},"end":{"line":29,"column":79}},"22":{"start":{"line":31,"column":2},"end":{"line":31,"column":35}},"23":{"start":{"line":35,"column":22},"end":{"line":35,"column":82}},"24":{"start":{"line":36,"column":2},"end":{"line":36,"column":67}},"25":{"start":{"line":36,"column":20},"end":{"line":36,"column":67}},"26":{"start":{"line":38,"column":15},"end":{"line":38,"column":60}},"27":{"start":{"line":39,"column":2},"end":{"line":39,"column":35}},"28":{"start":{"line":39,"column":13},"end":{"line":39,"column":35}},"29":{"start":{"line":40,"column":2},"end":{"line":40,"column":84}},"30":{"start":{"line":40,"column":44},"end":{"line":40,"column":84}},"31":{"start":{"line":42,"column":18},"end":{"line":42,"column":95}},"32":{"start":{"line":44,"column":2},"end":{"line":44,"column":35}},"33":{"start":{"line":47,"column":22},"end":{"line":51,"column":2}},"34":{"start":{"line":53,"column":0},"end":{"line":53,"column":29}}},"fnMap":{"0":{"name":"getInfoBooking","decl":{"start":{"line":4,"column":15},"end":{"line":4,"column":29}},"loc":{"start":{"line":4,"column":29},"end":{"line":14,"column":1}}},"1":{"name":"postNewBooking","decl":{"start":{"line":16,"column":15},"end":{"line":16,"column":29}},"loc":{"start":{"line":16,"column":60},"end":{"line":32,"column":1}}},"2":{"name":"putBookingById","decl":{"start":{"line":34,"column":15},"end":{"line":34,"column":29}},"loc":{"start":{"line":34,"column":79},"end":{"line":45,"column":1}}}},"branchMap":{"0":{"loc":{"start":{"line":6,"column":2},"end":{"line":6,"column":38}},"type":"if","locations":[{"start":{"line":6,"column":2},"end":{"line":6,"column":38}}]},"1":{"loc":{"start":{"line":21,"column":2},"end":{"line":21,"column":72}},"type":"if","locations":[{"start":{"line":21,"column":2},"end":{"line":21,"column":72}}]},"2":{"loc":{"start":{"line":22,"column":2},"end":{"line":22,"column":85}},"type":"if","locations":[{"start":{"line":22,"column":2},"end":{"line":22,"column":85}}]},"3":{"loc":{"start":{"line":23,"column":2},"end":{"line":23,"column":104}},"type":"if","locations":[{"start":{"line":23,"column":2},"end":{"line":23,"column":104}}]},"4":{"loc":{"start":{"line":26,"column":2},"end":{"line":26,"column":35}},"type":"if","locations":[{"start":{"line":26,"column":2},"end":{"line":26,"column":35}}]},"5":{"loc":{"start":{"line":27,"column":2},"end":{"line":27,"column":84}},"type":"if","locations":[{"start":{"line":27,"column":2},"end":{"line":27,"column":84}}]},"6":{"loc":{"start":{"line":36,"column":2},"end":{"line":36,"column":67}},"type":"if","locations":[{"start":{"line":36,"column":2},"end":{"line":36,"column":67}}]},"7":{"loc":{"start":{"line":39,"column":2},"end":{"line":39,"column":35}},"type":"if","locations":[{"start":{"line":39,"column":2},"end":{"line":39,"column":35}}]},"8":{"loc":{"start":{"line":40,"column":2},"end":{"line":40,"column":84}},"type":"if","locations":[{"start":{"line":40,"column":2},"end":{"line":40,"column":84}}]}},"s":{"0":11,"1":11,"2":2,"3":2,"4":1,"5":1,"6":1,"7":6,"8":6,"9":6,"10":6,"11":1,"12":5,"13":1,"14":4,"15":1,"16":3,"17":3,"18":1,"19":2,"20":1,"21":1,"22":1,"23":4,"24":4,"25":1,"26":3,"27":3,"28":1,"29":2,"30":1,"31":1,"32":1,"33":11,"34":11},"f":{"0":2,"1":6,"2":4},"b":{"0":[1],"1":[1],"2":[1],"3":[1],"4":[1],"5":[1],"6":[1],"7":[1],"8":[1]}}
[...]
,"/home/leonardo/Documents/GitHub/drivent1-ref-initial/src/services/hotels-service/index.ts": {"path":"/home/leonardo/Documents/GitHub/drivent1-ref-initial/src/services/hotels-service/index.ts","statementMap":{"0":{"start":{"line":1,"column":0},"end":{"line":1,"column":55}},"1":{"start":{"line":2,"column":0},"end":{"line":2,"column":62}},"2":{"start":{"line":5,"column":21},"end":{"line":5,"column":73}},"3":{"start":{"line":6,"column":2},"end":{"line":6,"column":41}},"4":{"start":{"line":6,"column":19},"end":{"line":6,"column":41}},"5":{"start":{"line":8,"column":17},"end":{"line":8,"column":78}},"6":{"start":{"line":9,"column":2},"end":{"line":9,"column":37}},"7":{"start":{"line":9,"column":15},"end":{"line":9,"column":37}},"8":{"start":{"line":10,"column":2},"end":{"line":10,"column":72}},"9":{"start":{"line":10,"column":32},"end":{"line":10,"column":72}},"10":{"start":{"line":12,"column":21},"end":{"line":12,"column":82}},"11":{"start":{"line":13,"column":2},"end":{"line":13,"column":85}},"12":{"start":{"line":13,"column":36},"end":{"line":13,"column":85}},"13":{"start":{"line":14,"column":2},"end":{"line":14,"column":104}},"14":{"start":{"line":14,"column":42},"end":{"line":14,"column":104}},"15":{"start":{"line":16,"column":17},"end":{"line":16,"column":54}},"16":{"start":{"line":17,"column":2},"end":{"line":17,"column":49}},"17":{"start":{"line":17,"column":27},"end":{"line":17,"column":49}},"18":{"start":{"line":19,"column":2},"end":{"line":19,"column":16}},"19":{"start":{"line":23,"column":21},"end":{"line":23,"column":73}},"20":{"start":{"line":24,"column":2},"end":{"line":24,"column":41}},"21":{"start":{"line":24,"column":19},"end":{"line":24,"column":41}},"22":{"start":{"line":26,"column":17},"end":{"line":26,"column":78}},"23":{"start":{"line":27,"column":2},"end":{"line":27,"column":37}},"24":{"start":{"line":27,"column":15},"end":{"line":27,"column":37}},"25":{"start":{"line":29,"column":2},"end":{"line":29,"column":72}},"26":{"start":{"line":29,"column":32},"end":{"line":29,"column":72}},"27":{"start":{"line":31,"column":21},"end":{"line":31,"column":82}},"28":{"start":{"line":33,"column":2},"end":{"line":33,"column":85}},"29":{"start":{"line":33,"column":36},"end":{"line":33,"column":85}},"30":{"start":{"line":34,"column":2},"end":{"line":34,"column":104}},"31":{"start":{"line":34,"column":42},"end":{"line":34,"column":104}},"32":{"start":{"line":36,"column":16},"end":{"line":36,"column":60}},"33":{"start":{"line":37,"column":2},"end":{"line":37,"column":36}},"34":{"start":{"line":37,"column":14},"end":{"line":37,"column":36}},"35":{"start":{"line":39,"column":21},"end":{"line":39,"column":70}},"36":{"start":{"line":41,"column":2},"end":{"line":41,"column":20}},"37":{"start":{"line":44,"column":22},"end":{"line":47,"column":2}},"38":{"start":{"line":49,"column":0},"end":{"line":49,"column":29}}},"fnMap":{"0":{"name":"getAllInfoHotels","decl":{"start":{"line":4,"column":15},"end":{"line":4,"column":31}},"loc":{"start":{"line":4,"column":46},"end":{"line":20,"column":1}}},"1":{"name":"getInfoHotelById","decl":{"start":{"line":22,"column":15},"end":{"line":22,"column":31}},"loc":{"start":{"line":22,"column":63},"end":{"line":42,"column":1}}}},"branchMap":{"0":{"loc":{"start":{"line":6,"column":2},"end":{"line":6,"column":41}},"type":"if","locations":[{"start":{"line":6,"column":2},"end":{"line":6,"column":41}}]},"1":{"loc":{"start":{"line":9,"column":2},"end":{"line":9,"column":37}},"type":"if","locations":[{"start":{"line":9,"column":2},"end":{"line":9,"column":37}}]},"2":{"loc":{"start":{"line":10,"column":2},"end":{"line":10,"column":72}},"type":"if","locations":[{"start":{"line":10,"column":2},"end":{"line":10,"column":72}}]},"3":{"loc":{"start":{"line":13,"column":2},"end":{"line":13,"column":85}},"type":"if","locations":[{"start":{"line":13,"column":2},"end":{"line":13,"column":85}}]},"4":{"loc":{"start":{"line":14,"column":2},"end":{"line":14,"column":104}},"type":"if","locations":[{"start":{"line":14,"column":2},"end":{"line":14,"column":104}}]},"5":{"loc":{"start":{"line":17,"column":2},"end":{"line":17,"column":49}},"type":"if","locations":[{"start":{"line":17,"column":2},"end":{"line":17,"column":49}}]},"6":{"loc":{"start":{"line":24,"column":2},"end":{"line":24,"column":41}},"type":"if","locations":[{"start":{"line":24,"column":2},"end":{"line":24,"column":41}}]},"7":{"loc":{"start":{"line":27,"column":2},"end":{"line":27,"column":37}},"type":"if","locations":[{"start":{"line":27,"column":2},"end":{"line":27,"column":37}}]},"8":{"loc":{"start":{"line":29,"column":2},"end":{"line":29,"column":72}},"type":"if","locations":[{"start":{"line":29,"column":2},"end":{"line":29,"column":72}}]},"9":{"loc":{"start":{"line":33,"column":2},"end":{"line":33,"column":85}},"type":"if","locations":[{"start":{"line":33,"column":2},"end":{"line":33,"column":85}}]},"10":{"loc":{"start":{"line":34,"column":2},"end":{"line":34,"column":104}},"type":"if","locations":[{"start":{"line":34,"column":2},"end":{"line":34,"column":104}}]},"11":{"loc":{"start":{"line":37,"column":2},"end":{"line":37,"column":36}},"type":"if","locations":[{"start":{"line":37,"column":2},"end":{"line":37,"column":36}}]}},"s":{"0":11,"1":11,"2":7,"3":7,"4":1,"5":6,"6":6,"7":1,"8":5,"9":1,"10":4,"11":4,"12":1,"13":3,"14":1,"15":2,"16":2,"17":1,"18":1,"19":7,"20":7,"21":1,"22":6,"23":6,"24":1,"25":5,"26":1,"27":4,"28":4,"29":1,"30":3,"31":1,"32":2,"33":2,"34":1,"35":1,"36":1,"37":11,"38":11},"f":{"0":7,"1":7},"b":{"0":[1],"1":[1],"2":[1],"3":[1],"4":[1],"5":[1],"6":[1],"7":[1],"8":[1],"9":[1],"10":[1],"11":[1]}}
,"/home/leonardo/Documents/GitHub/drivent1-ref-initial/src/services/payments-service/index.ts": {"path":"/home/leonardo/Documents/GitHub/drivent1-ref-initial/src/services/payments-service/index.ts","statementMap":{"0":{"start":{"line":2,"column":0},"end":{"line":2,"column":78}},"1":{"start":{"line":3,"column":0},"end":{"line":3,"column":66}},"2":{"start":{"line":4,"column":0},"end":{"line":4,"column":64}},"3":{"start":{"line":8,"column":2},"end":{"line":8,"column":67}},"4":{"start":{"line":8,"column":17},"end":{"line":8,"column":67}},"5":{"start":{"line":10,"column":17},"end":{"line":10,"column":65}},"6":{"start":{"line":11,"column":2},"end":{"line":11,"column":37}},"7":{"start":{"line":11,"column":15},"end":{"line":11,"column":37}},"8":{"start":{"line":13,"column":21},"end":{"line":13,"column":83}},"9":{"start":{"line":14,"column":2},"end":{"line":14,"column":45}},"10":{"start":{"line":14,"column":19},"end":{"line":14,"column":45}},"11":{"start":{"line":16,"column":18},"end":{"line":16,"column":74}},"12":{"start":{"line":17,"column":2},"end":{"line":17,"column":38}},"13":{"start":{"line":17,"column":16},"end":{"line":17,"column":38}},"14":{"start":{"line":19,"column":2},"end":{"line":19,"column":17}},"15":{"start":{"line":23,"column":2},"end":{"line":23,"column":117}},"16":{"start":{"line":23,"column":56},"end":{"line":23,"column":117}},"17":{"start":{"line":25,"column":17},"end":{"line":25,"column":78}},"18":{"start":{"line":26,"column":2},"end":{"line":26,"column":37}},"19":{"start":{"line":26,"column":15},"end":{"line":26,"column":37}},"20":{"start":{"line":28,"column":27},"end":{"line":28,"column":102}},"21":{"start":{"line":29,"column":2},"end":{"line":29,"column":51}},"22":{"start":{"line":29,"column":25},"end":{"line":29,"column":51}},"23":{"start":{"line":31,"column":2},"end":{"line":31,"column":68}},"24":{"start":{"line":33,"column":21},"end":{"line":33,"column":49}},"25":{"start":{"line":34,"column":25},"end":{"line":34,"column":71}},"26":{"start":{"line":35,"column":21},"end":{"line":35,"column":83}},"27":{"start":{"line":37,"column":18},"end":{"line":41,"column":null}},"28":{"start":{"line":44,"column":2},"end":{"line":44,"column":17}},"29":{"start":{"line":49,"column":24},"end":{"line":52,"column":2}},"30":{"start":{"line":54,"column":0},"end":{"line":54,"column":31}}},"fnMap":{"0":{"name":"getInfoPaymentByTicket","decl":{"start":{"line":7,"column":15},"end":{"line":7,"column":37}},"loc":{"start":{"line":7,"column":70},"end":{"line":20,"column":1}}},"1":{"name":"postPaymentFromTicket","decl":{"start":{"line":22,"column":15},"end":{"line":22,"column":36}},"loc":{"start":{"line":22,"column":78},"end":{"line":45,"column":1}}}},"branchMap":{"0":{"loc":{"start":{"line":8,"column":2},"end":{"line":8,"column":67}},"type":"if","locations":[{"start":{"line":8,"column":2},"end":{"line":8,"column":67}}]},"1":{"loc":{"start":{"line":11,"column":2},"end":{"line":11,"column":37}},"type":"if","locations":[{"start":{"line":11,"column":2},"end":{"line":11,"column":37}}]},"2":{"loc":{"start":{"line":14,"column":2},"end":{"line":14,"column":45}},"type":"if","locations":[{"start":{"line":14,"column":2},"end":{"line":14,"column":45}}]},"3":{"loc":{"start":{"line":17,"column":2},"end":{"line":17,"column":38}},"type":"if","locations":[{"start":{"line":17,"column":2},"end":{"line":17,"column":38}}]},"4":{"loc":{"start":{"line":23,"column":2},"end":{"line":23,"column":117}},"type":"if","locations":[{"start":{"line":23,"column":2},"end":{"line":23,"column":117}}]},"5":{"loc":{"start":{"line":23,"column":6},"end":{"line":23,"column":54}},"type":"binary-expr","locations":[{"start":{"line":23,"column":6},"end":{"line":23,"column":28}},{"start":{"line":23,"column":32},"end":{"line":23,"column":54}}]},"6":{"loc":{"start":{"line":26,"column":2},"end":{"line":26,"column":37}},"type":"if","locations":[{"start":{"line":26,"column":2},"end":{"line":26,"column":37}}]},"7":{"loc":{"start":{"line":29,"column":2},"end":{"line":29,"column":51}},"type":"if","locations":[{"start":{"line":29,"column":2},"end":{"line":29,"column":51}}]}},"s":{"0":11,"1":11,"2":11,"3":4,"4":1,"5":3,"6":3,"7":1,"8":2,"9":2,"10":1,"11":1,"12":1,"13":0,"14":1,"15":5,"16":0,"17":5,"18":5,"19":1,"20":4,"21":4,"22":1,"23":3,"24":3,"25":3,"26":3,"27":3,"28":3,"29":11,"30":11},"f":{"0":4,"1":5},"b":{"0":[1],"1":[1],"2":[1],"3":[0],"4":[0],"5":[5,5],"6":[1],"7":[1]}}
,"/home/leonardo/Documents/GitHub/drivent1-ref-initial/src/services/tickets-service/index.ts": {"path":"/home/leonardo/Documents/GitHub/drivent1-ref-initial/src/services/tickets-service/index.ts","statementMap":{"0":{"start":{"line":2,"column":0},"end":{"line":2,"column":55}},"1":{"start":{"line":3,"column":0},"end":{"line":3,"column":64}},"2":{"start":{"line":6,"column":23},"end":{"line":6,"column":66}},"3":{"start":{"line":7,"column":2},"end":{"line":7,"column":22}},"4":{"start":{"line":11,"column":21},"end":{"line":11,"column":80}},"5":{"start":{"line":12,"column":2},"end":{"line":12,"column":41}},"6":{"start":{"line":12,"column":19},"end":{"line":12,"column":41}},"7":{"start":{"line":14,"column":18},"end":{"line":14,"column":79}},"8":{"start":{"line":15,"column":2},"end":{"line":15,"column":38}},"9":{"start":{"line":15,"column":16},"end":{"line":15,"column":38}},"10":{"start":{"line":17,"column":2},"end":{"line":17,"column":17}},"11":{"start":{"line":21,"column":15},"end":{"line":21,"column":68}},"12":{"start":{"line":22,"column":2},"end":{"line":22,"column":35}},"13":{"start":{"line":22,"column":13},"end":{"line":22,"column":35}},"14":{"start":{"line":24,"column":21},"end":{"line":24,"column":76}},"15":{"start":{"line":25,"column":2},"end":{"line":25,"column":70}},"16":{"start":{"line":25,"column":19},"end":{"line":25,"column":70}},"17":{"start":{"line":27,"column":21},"end":{"line":27,"column":80}},"18":{"start":{"line":28,"column":2},"end":{"line":28,"column":41}},"19":{"start":{"line":28,"column":19},"end":{"line":28,"column":41}},"20":{"start":{"line":30,"column":43},"end":{"line":34,"column":4}},"21":{"start":{"line":36,"column":24},"end":{"line":36,"column":92}},"22":{"start":{"line":38,"column":2},"end":{"line":38,"column":23}},"23":{"start":{"line":43,"column":23},"end":{"line":47,"column":2}},"24":{"start":{"line":49,"column":0},"end":{"line":49,"column":30}}},"fnMap":{"0":{"name":"getAllTicketsByType","decl":{"start":{"line":5,"column":15},"end":{"line":5,"column":34}},"loc":{"start":{"line":5,"column":34},"end":{"line":8,"column":1}}},"1":{"name":"getAllTicketsFromUser","decl":{"start":{"line":10,"column":15},"end":{"line":10,"column":36}},"loc":{"start":{"line":10,"column":51},"end":{"line":18,"column":1}}},"2":{"name":"postNewTicket","decl":{"start":{"line":20,"column":15},"end":{"line":20,"column":28}},"loc":{"start":{"line":20,"column":65},"end":{"line":39,"column":1}}}},"branchMap":{"0":{"loc":{"start":{"line":12,"column":2},"end":{"line":12,"column":41}},"type":"if","locations":[{"start":{"line":12,"column":2},"end":{"line":12,"column":41}}]},"1":{"loc":{"start":{"line":15,"column":2},"end":{"line":15,"column":38}},"type":"if","locations":[{"start":{"line":15,"column":2},"end":{"line":15,"column":38}}]},"2":{"loc":{"start":{"line":22,"column":2},"end":{"line":22,"column":35}},"type":"if","locations":[{"start":{"line":22,"column":2},"end":{"line":22,"column":35}}]},"3":{"loc":{"start":{"line":25,"column":2},"end":{"line":25,"column":70}},"type":"if","locations":[{"start":{"line":25,"column":2},"end":{"line":25,"column":70}}]},"4":{"loc":{"start":{"line":28,"column":2},"end":{"line":28,"column":41}},"type":"if","locations":[{"start":{"line":28,"column":2},"end":{"line":28,"column":41}}]}},"s":{"0":11,"1":11,"2":2,"3":2,"4":3,"5":3,"6":1,"7":2,"8":2,"9":1,"10":1,"11":3,"12":3,"13":0,"14":3,"15":3,"16":0,"17":3,"18":3,"19":1,"20":2,"21":2,"22":2,"23":11,"24":11},"f":{"0":2,"1":3,"2":3},"b":{"0":[1],"1":[1],"2":[0],"3":[0],"4":[1]}}
,"/home/leonardo/Documents/GitHub/drivent1-ref-initial/src/services/users-service/errors.ts": {"path":"/home/leonardo/Documents/GitHub/drivent1-ref-initial/src/services/users-service/errors.ts","statementMap":{"0":{"start":{"line":4,"column":2},"end":{"line":7,"column":4}},"1":{"start":{"line":3,"column":0},"end":{"line":3,"column":16}}},"fnMap":{"0":{"name":"duplicatedEmailError","decl":{"start":{"line":3,"column":16},"end":{"line":3,"column":36}},"loc":{"start":{"line":3,"column":36},"end":{"line":8,"column":1}}}},"branchMap":{},"s":{"0":4,"1":11},"f":{"0":4},"b":{}}
,"/home/leonardo/Documents/GitHub/drivent1-ref-initial/src/services/users-service/index.ts": {"path":"/home/leonardo/Documents/GitHub/drivent1-ref-initial/src/services/users-service/index.ts","statementMap":{"0":{"start":{"line":2,"column":0},"end":{"line":2,"column":28}},"1":{"start":{"line":3,"column":0},"end":{"line":3,"column":46}},"2":{"start":{"line":4,"column":0},"end":{"line":4,"column":48}},"3":{"start":{"line":5,"column":0},"end":{"line":5,"column":60}},"4":{"start":{"line":6,"column":0},"end":{"line":6,"column":60}},"5":{"start":{"line":9,"column":2},"end":{"line":9,"column":26}},"6":{"start":{"line":11,"column":2},"end":{"line":11,"column":41}},"7":{"start":{"line":13,"column":25},"end":{"line":13,"column":56}},"8":{"start":{"line":14,"column":2},"end":{"line":17,"column":5}},"9":{"start":{"line":8,"column":0},"end":{"line":8,"column":7}},"10":{"start":{"line":21,"column":28},"end":{"line":21,"column":67}},"11":{"start":{"line":22,"column":2},"end":{"line":24,"column":null}},"12":{"start":{"line":23,"column":4},"end":{"line":23,"column":33}},"13":{"start":{"line":28,"column":20},"end":{"line":28,"column":62}},"14":{"start":{"line":29,"column":2},"end":{"line":31,"column":null}},"15":{"start":{"line":30,"column":4},"end":{"line":30,"column":45}},"16":{"start":{"line":36,"column":20},"end":{"line":38,"column":2}},"17":{"start":{"line":40,"column":0},"end":{"line":40,"column":25}},"18":{"start":{"line":41,"column":0},"end":{"line":41,"column":27}}},"fnMap":{"0":{"name":"createUser","decl":{"start":{"line":8,"column":22},"end":{"line":8,"column":32}},"loc":{"start":{"line":8,"column":70},"end":{"line":18,"column":1}}},"1":{"name":"validateUniqueEmailOrFail","decl":{"start":{"line":20,"column":15},"end":{"line":20,"column":40}},"loc":{"start":{"line":20,"column":54},"end":{"line":25,"column":1}}},"2":{"name":"canEnrollOrFail","decl":{"start":{"line":27,"column":15},"end":{"line":27,"column":30}},"loc":{"start":{"line":27,"column":30},"end":{"line":32,"column":1}}}},"branchMap":{"0":{"loc":{"start":{"line":22,"column":2},"end":{"line":24,"column":null}},"type":"if","locations":[{"start":{"line":22,"column":2},"end":{"line":24,"column":null}}]},"1":{"loc":{"start":{"line":29,"column":2},"end":{"line":31,"column":null}},"type":"if","locations":[{"start":{"line":29,"column":2},"end":{"line":31,"column":null}}]}},"s":{"0":11,"1":11,"2":11,"3":11,"4":11,"5":9,"6":7,"7":5,"8":5,"9":11,"10":7,"11":7,"12":2,"13":9,"14":9,"15":2,"16":11,"17":11,"18":11},"f":{"0":9,"1":7,"2":9},"b":{"0":[2],"1":[2]}}
,"/home/leonardo/Documents/GitHub/drivent1-ref-initial/src/utils/prisma-utils.ts": {"path":"/home/leonardo/Documents/GitHub/drivent1-ref-initial/src/utils/prisma-utils.ts","statementMap":{"0":{"start":{"line":2,"column":20},"end":{"line":2,"column":54}},"1":{"start":{"line":3,"column":2},"end":{"line":5,"column":null}},"2":{"start":{"line":4,"column":4},"end":{"line":4,"column":26}},"3":{"start":{"line":6,"column":2},"end":{"line":6,"column":19}},"4":{"start":{"line":1,"column":0},"end":{"line":1,"column":16}}},"fnMap":{"0":{"name":"exclude","decl":{"start":{"line":1,"column":16},"end":{"line":1,"column":23}},"loc":{"start":{"line":1,"column":73},"end":{"line":7,"column":1}}}},"branchMap":{},"s":{"0":12,"1":12,"2":18,"3":12,"4":11},"f":{"0":12},"b":{}}
,"/home/leonardo/Documents/GitHub/drivent1-ref-initial/src/utils/request.ts": {"path":"/home/leonardo/Documents/GitHub/drivent1-ref-initial/src/utils/request.ts","statementMap":{"0":{"start":{"line":1,"column":0},"end":{"line":1,"column":26}},"1":{"start":{"line":2,"column":0},"end":{"line":2,"column":40}},"2":{"start":{"line":5,"column":2},"end":{"line":12,"column":null}},"3":{"start":{"line":6,"column":19},"end":{"line":6,"column":39}},"4":{"start":{"line":7,"column":4},"end":{"line":7,"column":18}},"5":{"start":{"line":9,"column":35},"end":{"line":9,"column":49}},"6":{"start":{"line":11,"column":4},"end":{"line":11,"column":44}},"7":{"start":{"line":15,"column":13},"end":{"line":17,"column":2}}},"fnMap":{"0":{"name":"get","decl":{"start":{"line":4,"column":15},"end":{"line":4,"column":18}},"loc":{"start":{"line":4,"column":30},"end":{"line":13,"column":1}}}},"branchMap":{},"s":{"0":11,"1":11,"2":4,"3":4,"4":3,"5":1,"6":1,"7":11},"f":{"0":4},"b":{}}
}
